::1 - - [27/Mar/2024:06:49:05 +0000] "OPTIONS /api//site-setting HTTP/1.1" 204 0
::1 - - [27/Mar/2024:06:49:07 +0000] "GET /api//site-setting HTTP/1.1" 200 2946
::1 - - [27/Mar/2024:06:49:07 +0000] "OPTIONS /api//category?tree=true&is_active=true&type=courses HTTP/1.1" 204 0
::1 - - [27/Mar/2024:06:49:07 +0000] "OPTIONS /api//category?tree=true&is_active=true&type=events HTTP/1.1" 204 0
::1 - - [27/Mar/2024:06:49:07 +0000] "OPTIONS /api//utility/product-left-panel/countries HTTP/1.1" 204 0
::1 - - [27/Mar/2024:06:49:07 +0000] "OPTIONS /api//utility/product-left-panel/event_speakers HTTP/1.1" 204 0
::1 - - [27/Mar/2024:06:49:07 +0000] "OPTIONS /api//category?is_active=true&featured_course_category=true HTTP/1.1" 204 0
::1 - - [27/Mar/2024:06:49:07 +0000] "OPTIONS /api//page-slider?page=home&is_active=true HTTP/1.1" 204 0
::1 - - [27/Mar/2024:06:49:08 +0000] "OPTIONS /api//event?pagination=true&limit=10&is_publish=true&images=true&is_featured=1&event=true&event_speaker=true&fetch_price=true&is_delete=true&is_active=true&date_filter=true&isApproved=true HTTP/1.1" 204 0
::1 - - [27/Mar/2024:06:49:08 +0000] "GET /api//category?tree=true&is_active=true&type=courses HTTP/1.1" 200 3769
::1 - - [27/Mar/2024:06:49:08 +0000] "OPTIONS /api//testimonial?pagination=true&limit=10&is_active=true HTTP/1.1" 204 0
::1 - - [27/Mar/2024:06:49:08 +0000] "OPTIONS /api//event?pagination=true&limit=10&is_publish=true&images=true&coming_soon=true&event=true&event_speaker=true&fetch_price=true&is_delete=true&is_active=true&date_filter=true&isApproved=true HTTP/1.1" 204 0
::1 - - [27/Mar/2024:06:49:08 +0000] "OPTIONS /api//course-user?course=true&images=true&review_count=true&created_by=true&group_by=true&is_delete=true&is_active=true HTTP/1.1" 204 0
::1 - - [27/Mar/2024:06:49:08 +0000] "GET /api//category?tree=true&is_active=true&type=events HTTP/1.1" 200 8542
::1 - - [27/Mar/2024:06:49:08 +0000] "OPTIONS /api//event?pagination=true&limit=10&is_publish=true&images=true&event=true&event_speaker=true&fetch_price=true&is_delete=true&is_active=true&past_event=true&date_filter=true&isApproved=true HTTP/1.1" 204 0
::1 - - [27/Mar/2024:06:49:08 +0000] "PUT /api//utility/product-left-panel/event_speakers HTTP/1.1" 400 370
::1 - - [27/Mar/2024:06:49:08 +0000] "OPTIONS /api//brands HTTP/1.1" 204 0
::1 - - [27/Mar/2024:06:49:08 +0000] "PUT /api//utility/product-left-panel/countries HTTP/1.1" 400 360
::1 - - [27/Mar/2024:06:49:08 +0000] "GET /api//site-setting HTTP/1.1" 200 2946
::1 - - [27/Mar/2024:06:49:09 +0000] "GET /api//page-slider?page=home&is_active=true HTTP/1.1" 200 2086
::1 - - [27/Mar/2024:06:49:09 +0000] "GET /api//testimonial?pagination=true&limit=10&is_active=true HTTP/1.1" 200 284
::1 - - [27/Mar/2024:06:49:09 +0000] "GET /api//brands HTTP/1.1" 200 1228
::1 - - [27/Mar/2024:06:49:10 +0000] "GET /api//course-user?course=true&images=true&review_count=true&created_by=true&group_by=true&is_delete=true&is_active=true HTTP/1.1" 200 367599
::1 - - [27/Mar/2024:06:49:10 +0000] "GET /api//event?pagination=true&limit=10&is_publish=true&images=true&event=true&event_speaker=true&fetch_price=true&is_delete=true&is_active=true&past_event=true&date_filter=true&isApproved=true HTTP/1.1" 200 63618
::1 - - [27/Mar/2024:06:49:10 +0000] "GET /api//event?pagination=true&limit=10&is_publish=true&images=true&is_featured=1&event=true&event_speaker=true&fetch_price=true&is_delete=true&is_active=true&date_filter=true&isApproved=true HTTP/1.1" 200 415
::1 - - [27/Mar/2024:06:49:10 +0000] "GET /api//event?pagination=true&limit=10&is_publish=true&images=true&coming_soon=true&event=true&event_speaker=true&fetch_price=true&is_delete=true&is_active=true&date_filter=true&isApproved=true HTTP/1.1" 200 418
::1 - - [27/Mar/2024:06:49:10 +0000] "GET /api//category?is_active=true&featured_course_category=true HTTP/1.1" 200 1546
::1 - - [27/Mar/2024:06:49:10 +0000] "OPTIONS /api//course?user=true&whislist=true&user_id=null&isApproved=true?pagination=true&limit=10&is_publish=true&category=10&is_featured=true&images=true&review_count=true&is_delete=true&is_active=true&offer=true&fetch_price=true HTTP/1.1" 204 0
::1 - - [27/Mar/2024:06:49:11 +0000] "GET /api//course?user=true&whislist=true&user_id=null&isApproved=true?pagination=true&limit=10&is_publish=true&category=10&is_featured=true&images=true&review_count=true&is_delete=true&is_active=true&offer=true&fetch_price=true HTTP/1.1" 200 13199
::1 - - [27/Mar/2024:06:50:36 +0000] "OPTIONS /api//login HTTP/1.1" 204 0
::1 - - [27/Mar/2024:06:50:37 +0000] "POST /api//login HTTP/1.1" 200 5095
::1 - - [27/Mar/2024:06:50:37 +0000] "OPTIONS /api//wishlist?product_details=true&images=true&user_id=6360&order_by=-id&limit=2&page=1 HTTP/1.1" 204 0
::1 - - [27/Mar/2024:06:50:37 +0000] "GET /api//wishlist?product_details=true&images=true&user_id=6360&order_by=-id&limit=2&page=1 HTTP/1.1" 200 250
::1 - - [27/Mar/2024:06:50:40 +0000] "OPTIONS /api//utility/lastest-dashboard-notifications/6360?profile=true&user=true&role=vendor HTTP/1.1" 204 0
::1 - - [27/Mar/2024:06:50:40 +0000] "OPTIONS /api//dashboard/6360?search_by=vendor HTTP/1.1" 204 0
::1 - - [27/Mar/2024:06:50:41 +0000] "GET /api//utility/lastest-dashboard-notifications/6360?profile=true&user=true&role=vendor HTTP/1.1" 200 7290
::1 - - [27/Mar/2024:06:50:41 +0000] "GET /api//dashboard/6360?search_by=vendor HTTP/1.1" 200 66186
::1 - - [27/Mar/2024:06:55:08 +0000] "OPTIONS /api//site-setting HTTP/1.1" 204 0
::1 - - [27/Mar/2024:06:55:08 +0000] "OPTIONS /api//cms-page/logout HTTP/1.1" 204 0
::1 - - [27/Mar/2024:06:55:08 +0000] "OPTIONS /api//category?tree=true&is_active=true&type=courses HTTP/1.1" 204 0
::1 - - [27/Mar/2024:06:55:08 +0000] "OPTIONS /api//category?tree=true&is_active=true&type=events HTTP/1.1" 204 0
::1 - - [27/Mar/2024:06:55:08 +0000] "OPTIONS /api//utility/product-left-panel/countries HTTP/1.1" 204 0
::1 - - [27/Mar/2024:06:55:08 +0000] "OPTIONS /api//utility/product-left-panel/event_speakers HTTP/1.1" 204 0
::1 - - [27/Mar/2024:06:55:09 +0000] "OPTIONS /api//page-slider?page=home&is_active=true HTTP/1.1" 204 0
::1 - - [27/Mar/2024:06:55:09 +0000] "OPTIONS /api//category?is_active=true&featured_course_category=true HTTP/1.1" 204 0
::1 - - [27/Mar/2024:06:55:09 +0000] "OPTIONS /api//event?pagination=true&limit=10&is_publish=true&images=true&is_featured=1&event=true&event_speaker=true&fetch_price=true&is_delete=true&is_active=true&date_filter=true&isApproved=true HTTP/1.1" 204 0
::1 - - [27/Mar/2024:06:55:09 +0000] "OPTIONS /api//testimonial?pagination=true&limit=10&is_active=true HTTP/1.1" 204 0
::1 - - [27/Mar/2024:06:55:09 +0000] "OPTIONS /api//course-user?course=true&images=true&review_count=true&created_by=true&group_by=true&is_delete=true&is_active=true HTTP/1.1" 204 0
::1 - - [27/Mar/2024:06:55:09 +0000] "GET /api//site-setting HTTP/1.1" 200 2946
::1 - - [27/Mar/2024:06:55:09 +0000] "GET /api//cms-page/logout HTTP/1.1" - -
::1 - - [27/Mar/2024:06:55:09 +0000] "GET /api//category?tree=true&is_active=true&type=courses HTTP/1.1" - -
::1 - - [27/Mar/2024:06:55:09 +0000] "PUT /api//utility/product-left-panel/event_speakers HTTP/1.1" - -
::1 - - [27/Mar/2024:06:55:09 +0000] "GET /api//category?tree=true&is_active=true&type=events HTTP/1.1" - -
::1 - - [27/Mar/2024:06:55:09 +0000] "PUT /api//utility/product-left-panel/countries HTTP/1.1" - -
::1 - - [27/Mar/2024:06:55:09 +0000] "OPTIONS /api//brands HTTP/1.1" 204 0
::1 - - [27/Mar/2024:06:55:09 +0000] "OPTIONS /api//event?pagination=true&limit=10&is_publish=true&images=true&event=true&event_speaker=true&fetch_price=true&is_delete=true&is_active=true&past_event=true&date_filter=true&isApproved=true HTTP/1.1" 204 0
::1 - - [27/Mar/2024:06:55:09 +0000] "OPTIONS /api//event?pagination=true&limit=10&is_publish=true&images=true&coming_soon=true&event=true&event_speaker=true&fetch_price=true&is_delete=true&is_active=true&date_filter=true&isApproved=true HTTP/1.1" 204 0
::1 - - [27/Mar/2024:06:55:14 +0000] "OPTIONS /api//site-setting HTTP/1.1" 204 0
::1 - - [27/Mar/2024:06:55:14 +0000] "GET /api//site-setting HTTP/1.1" 200 2946
::1 - - [27/Mar/2024:06:55:16 +0000] "OPTIONS /api//category?tree=true&is_active=true&type=courses HTTP/1.1" 204 0
::1 - - [27/Mar/2024:06:55:16 +0000] "OPTIONS /api//category?tree=true&is_active=true&type=events HTTP/1.1" 204 0
::1 - - [27/Mar/2024:06:55:16 +0000] "OPTIONS /api//utility/product-left-panel/countries HTTP/1.1" 204 0
::1 - - [27/Mar/2024:06:55:16 +0000] "OPTIONS /api//utility/product-left-panel/event_speakers HTTP/1.1" 204 0
::1 - - [27/Mar/2024:06:55:17 +0000] "PUT /api//utility/product-left-panel/countries HTTP/1.1" 400 360
::1 - - [27/Mar/2024:06:55:17 +0000] "GET /api//category?tree=true&is_active=true&type=courses HTTP/1.1" 200 3769
::1 - - [27/Mar/2024:06:55:17 +0000] "GET /api//category?tree=true&is_active=true&type=events HTTP/1.1" 200 8542
::1 - - [27/Mar/2024:06:55:17 +0000] "OPTIONS /api//page-slider?page=home&is_active=true HTTP/1.1" 204 0
::1 - - [27/Mar/2024:06:55:17 +0000] "OPTIONS /api//category?is_active=true&featured_course_category=true HTTP/1.1" 204 0
::1 - - [27/Mar/2024:06:55:17 +0000] "PUT /api//utility/product-left-panel/event_speakers HTTP/1.1" 400 370
::1 - - [27/Mar/2024:06:55:17 +0000] "OPTIONS /api//course-user?course=true&images=true&review_count=true&created_by=true&group_by=true&is_delete=true&is_active=true HTTP/1.1" 204 0
::1 - - [27/Mar/2024:06:55:17 +0000] "OPTIONS /api//event?pagination=true&limit=10&is_publish=true&images=true&is_featured=1&event=true&event_speaker=true&fetch_price=true&is_delete=true&is_active=true&date_filter=true&isApproved=true HTTP/1.1" 204 0
::1 - - [27/Mar/2024:06:55:17 +0000] "OPTIONS /api//testimonial?pagination=true&limit=10&is_active=true HTTP/1.1" 204 0
::1 - - [27/Mar/2024:06:55:17 +0000] "OPTIONS /api//event?pagination=true&limit=10&is_publish=true&images=true&coming_soon=true&event=true&event_speaker=true&fetch_price=true&is_delete=true&is_active=true&date_filter=true&isApproved=true HTTP/1.1" 204 0
::1 - - [27/Mar/2024:06:55:17 +0000] "OPTIONS /api//event?pagination=true&limit=10&is_publish=true&images=true&event=true&event_speaker=true&fetch_price=true&is_delete=true&is_active=true&past_event=true&date_filter=true&isApproved=true HTTP/1.1" 204 0
::1 - - [27/Mar/2024:06:55:17 +0000] "OPTIONS /api//brands HTTP/1.1" 204 0
::1 - - [27/Mar/2024:06:55:17 +0000] "GET /api//page-slider?page=home&is_active=true HTTP/1.1" 200 2086
::1 - - [27/Mar/2024:06:55:17 +0000] "GET /api//testimonial?pagination=true&limit=10&is_active=true HTTP/1.1" 200 284
::1 - - [27/Mar/2024:06:55:17 +0000] "GET /api//brands HTTP/1.1" 200 1228
::1 - - [27/Mar/2024:06:55:18 +0000] "GET /api//course-user?course=true&images=true&review_count=true&created_by=true&group_by=true&is_delete=true&is_active=true HTTP/1.1" 200 367599
::1 - - [27/Mar/2024:06:55:18 +0000] "GET /api//category?is_active=true&featured_course_category=true HTTP/1.1" 200 1546
::1 - - [27/Mar/2024:06:55:18 +0000] "GET /api//event?pagination=true&limit=10&is_publish=true&images=true&is_featured=1&event=true&event_speaker=true&fetch_price=true&is_delete=true&is_active=true&date_filter=true&isApproved=true HTTP/1.1" 200 415
::1 - - [27/Mar/2024:06:55:18 +0000] "OPTIONS /api//course?user=true&whislist=true&user_id=null&isApproved=true?pagination=true&limit=10&is_publish=true&category=10&is_featured=true&images=true&review_count=true&is_delete=true&is_active=true&offer=true&fetch_price=true HTTP/1.1" 204 0
::1 - - [27/Mar/2024:06:55:18 +0000] "GET /api//course?user=true&whislist=true&user_id=null&isApproved=true?pagination=true&limit=10&is_publish=true&category=10&is_featured=true&images=true&review_count=true&is_delete=true&is_active=true&offer=true&fetch_price=true HTTP/1.1" 200 13199
::1 - - [27/Mar/2024:06:55:19 +0000] "GET /api//event?pagination=true&limit=10&is_publish=true&images=true&event=true&event_speaker=true&fetch_price=true&is_delete=true&is_active=true&past_event=true&date_filter=true&isApproved=true HTTP/1.1" 200 63618
::1 - - [27/Mar/2024:06:55:19 +0000] "GET /api//event?pagination=true&limit=10&is_publish=true&images=true&coming_soon=true&event=true&event_speaker=true&fetch_price=true&is_delete=true&is_active=true&date_filter=true&isApproved=true HTTP/1.1" 200 418
::1 - - [27/Mar/2024:13:13:33 +0000] "OPTIONS /api//site-setting HTTP/1.1" 204 0
::1 - - [27/Mar/2024:13:13:35 +0000] "GET /api//site-setting HTTP/1.1" 200 2946
::1 - - [27/Mar/2024:13:13:35 +0000] "OPTIONS /api//category?tree=true&is_active=true&type=courses HTTP/1.1" 204 0
::1 - - [27/Mar/2024:13:13:35 +0000] "OPTIONS /api//category?tree=true&is_active=true&type=events HTTP/1.1" 204 0
::1 - - [27/Mar/2024:13:13:35 +0000] "OPTIONS /api//utility/product-left-panel/countries HTTP/1.1" 204 0
::1 - - [27/Mar/2024:13:13:35 +0000] "OPTIONS /api//utility/product-left-panel/event_speakers HTTP/1.1" 204 0
::1 - - [27/Mar/2024:13:13:36 +0000] "OPTIONS /api//page-slider?page=home&is_active=true HTTP/1.1" 204 0
::1 - - [27/Mar/2024:13:13:36 +0000] "PUT /api//utility/product-left-panel/countries HTTP/1.1" 400 360
::1 - - [27/Mar/2024:13:13:36 +0000] "OPTIONS /api//category?is_active=true&featured_course_category=true HTTP/1.1" 204 0
::1 - - [27/Mar/2024:13:13:36 +0000] "OPTIONS /api//testimonial?pagination=true&limit=10&is_active=true HTTP/1.1" 204 0
::1 - - [27/Mar/2024:13:13:36 +0000] "OPTIONS /api//event?pagination=true&limit=10&is_publish=true&images=true&is_featured=1&event=true&event_speaker=true&fetch_price=true&is_delete=true&is_active=true&date_filter=true&isApproved=true HTTP/1.1" 204 0
::1 - - [27/Mar/2024:13:13:36 +0000] "OPTIONS /api//course-user?course=true&images=true&review_count=true&created_by=true&group_by=true&is_delete=true&is_active=true HTTP/1.1" 204 0
::1 - - [27/Mar/2024:13:13:36 +0000] "OPTIONS /api//event?pagination=true&limit=10&is_publish=true&images=true&coming_soon=true&event=true&event_speaker=true&fetch_price=true&is_delete=true&is_active=true&date_filter=true&isApproved=true HTTP/1.1" 204 0
::1 - - [27/Mar/2024:13:13:36 +0000] "GET /api//category?tree=true&is_active=true&type=courses HTTP/1.1" 200 3769
::1 - - [27/Mar/2024:13:13:36 +0000] "OPTIONS /api//brands HTTP/1.1" 204 0
::1 - - [27/Mar/2024:13:13:36 +0000] "OPTIONS /api//event?pagination=true&limit=10&is_publish=true&images=true&event=true&event_speaker=true&fetch_price=true&is_delete=true&is_active=true&past_event=true&date_filter=true&isApproved=true HTTP/1.1" 204 0
::1 - - [27/Mar/2024:13:13:36 +0000] "PUT /api//utility/product-left-panel/event_speakers HTTP/1.1" 400 370
::1 - - [27/Mar/2024:13:13:36 +0000] "GET /api//category?tree=true&is_active=true&type=events HTTP/1.1" 200 8542
::1 - - [27/Mar/2024:13:13:36 +0000] "GET /api//site-setting HTTP/1.1" 200 2946
::1 - - [27/Mar/2024:13:13:36 +0000] "GET /api//page-slider?page=home&is_active=true HTTP/1.1" 200 2086
::1 - - [27/Mar/2024:13:13:36 +0000] "GET /api//testimonial?pagination=true&limit=10&is_active=true HTTP/1.1" 200 284
::1 - - [27/Mar/2024:13:13:36 +0000] "GET /api//brands HTTP/1.1" 200 1228
::1 - - [27/Mar/2024:13:13:37 +0000] "GET /api//category?is_active=true&featured_course_category=true HTTP/1.1" 200 1546
::1 - - [27/Mar/2024:13:13:37 +0000] "GET /api//event?pagination=true&limit=10&is_publish=true&images=true&is_featured=1&event=true&event_speaker=true&fetch_price=true&is_delete=true&is_active=true&date_filter=true&isApproved=true HTTP/1.1" 200 415
::1 - - [27/Mar/2024:13:13:37 +0000] "GET /api//event?pagination=true&limit=10&is_publish=true&images=true&coming_soon=true&event=true&event_speaker=true&fetch_price=true&is_delete=true&is_active=true&date_filter=true&isApproved=true HTTP/1.1" 200 418
::1 - - [27/Mar/2024:13:13:37 +0000] "OPTIONS /api//course?user=true&whislist=true&user_id=null&isApproved=true?pagination=true&limit=10&is_publish=true&category=10&is_featured=true&images=true&review_count=true&is_delete=true&is_active=true&offer=true&fetch_price=true HTTP/1.1" 204 0
::1 - - [27/Mar/2024:13:13:37 +0000] "GET /api//course-user?course=true&images=true&review_count=true&created_by=true&group_by=true&is_delete=true&is_active=true HTTP/1.1" 200 367599
::1 - - [27/Mar/2024:13:13:37 +0000] "GET /api//event?pagination=true&limit=10&is_publish=true&images=true&event=true&event_speaker=true&fetch_price=true&is_delete=true&is_active=true&past_event=true&date_filter=true&isApproved=true HTTP/1.1" 200 63618
::1 - - [27/Mar/2024:13:13:37 +0000] "GET /api//course?user=true&whislist=true&user_id=null&isApproved=true?pagination=true&limit=10&is_publish=true&category=10&is_featured=true&images=true&review_count=true&is_delete=true&is_active=true&offer=true&fetch_price=true HTTP/1.1" 200 13199
::1 - - [27/Mar/2024:13:15:14 +0000] "OPTIONS /api//login HTTP/1.1" 204 0
::1 - - [27/Mar/2024:13:15:14 +0000] "POST /api//login HTTP/1.1" 200 5095
::1 - - [27/Mar/2024:13:15:15 +0000] "OPTIONS /api//wishlist?product_details=true&images=true&user_id=6360&order_by=-id&limit=2&page=1 HTTP/1.1" 204 0
::1 - - [27/Mar/2024:13:15:15 +0000] "GET /api//wishlist?product_details=true&images=true&user_id=6360&order_by=-id&limit=2&page=1 HTTP/1.1" 200 250
::1 - - [27/Mar/2024:13:15:17 +0000] "OPTIONS /api//utility/lastest-dashboard-notifications/6360?profile=true&user=true&role=vendor HTTP/1.1" 204 0
::1 - - [27/Mar/2024:13:15:17 +0000] "OPTIONS /api//dashboard/6360?search_by=vendor HTTP/1.1" 204 0
::1 - - [27/Mar/2024:13:15:17 +0000] "GET /api//utility/lastest-dashboard-notifications/6360?profile=true&user=true&role=vendor HTTP/1.1" 200 7290
::1 - - [27/Mar/2024:13:15:17 +0000] "GET /api//dashboard/6360?search_by=vendor HTTP/1.1" 200 66186
::1 - - [27/Mar/2024:13:19:47 +0000] "OPTIONS /api//utility/lastest-dashboard-notifications/6360?profile=true&user=true&role=vendor HTTP/1.1" 204 0
::1 - - [27/Mar/2024:13:19:47 +0000] "GET /api//utility/lastest-dashboard-notifications/6360?profile=true&user=true&role=vendor HTTP/1.1" 200 7290
::1 - - [27/Mar/2024:13:19:47 +0000] "OPTIONS /api//category?parent=true&is_active=true&type=courses HTTP/1.1" 204 0
::1 - - [27/Mar/2024:13:19:47 +0000] "OPTIONS /api//course?categories=true&user=true&is_delete=true&course_promotion=true&fetch_price=true&order_count=true&created_by=6360 HTTP/1.1" 204 0
::1 - - [27/Mar/2024:13:19:47 +0000] "GET /api//category?parent=true&is_active=true&type=courses HTTP/1.1" 200 4734
::1 - - [27/Mar/2024:13:19:48 +0000] "GET /api//course?categories=true&user=true&is_delete=true&course_promotion=true&fetch_price=true&order_count=true&created_by=6360 HTTP/1.1" 200 28226
::1 - - [27/Mar/2024:13:19:51 +0000] "OPTIONS /api//utility/course-order-status/17 HTTP/1.1" 204 0
::1 - - [27/Mar/2024:13:19:51 +0000] "GET /api//utility/course-order-status/17 HTTP/1.1" 200 229
::1 - - [27/Mar/2024:13:19:52 +0000] "GET /api//utility/course-order-status/17 HTTP/1.1" 200 229
::1 - - [27/Mar/2024:13:19:52 +0000] "GET /api//utility/course-order-status/17 HTTP/1.1" 200 229
::1 - - [27/Mar/2024:13:19:52 +0000] "OPTIONS /api//utility/lastest-dashboard-notifications/6360?profile=true&user=true&role=vendor HTTP/1.1" 204 0
::1 - - [27/Mar/2024:13:19:52 +0000] "OPTIONS /api//wishlist?product_details=true&images=true&user_id=6360&order_by=-id&limit=2&page=1 HTTP/1.1" 204 0
::1 - - [27/Mar/2024:13:19:52 +0000] "OPTIONS /api//category?tree=true&is_active=true&type=courses HTTP/1.1" 204 0
::1 - - [27/Mar/2024:13:19:52 +0000] "OPTIONS /api//category?tree=true&is_active=true&type=events HTTP/1.1" 204 0
::1 - - [27/Mar/2024:13:19:52 +0000] "OPTIONS /api//utility/product-left-panel/countries HTTP/1.1" 204 0
::1 - - [27/Mar/2024:13:19:52 +0000] "OPTIONS /api//utility/product-left-panel/event_speakers HTTP/1.1" 204 0
::1 - - [27/Mar/2024:13:19:52 +0000] "PUT /api//utility/product-left-panel/countries HTTP/1.1" 400 360
::1 - - [27/Mar/2024:13:19:52 +0000] "GET /api//wishlist?product_details=true&images=true&user_id=6360&order_by=-id&limit=2&page=1 HTTP/1.1" 200 250
::1 - - [27/Mar/2024:13:19:52 +0000] "GET /api//category?tree=true&is_active=true&type=courses HTTP/1.1" 200 3769
::1 - - [27/Mar/2024:13:19:52 +0000] "OPTIONS /api//course-target?answer=true&course_id=17 HTTP/1.1" 204 0
::1 - - [27/Mar/2024:13:19:52 +0000] "PUT /api//utility/product-left-panel/event_speakers HTTP/1.1" 400 370
::1 - - [27/Mar/2024:13:19:52 +0000] "GET /api//category?tree=true&is_active=true&type=events HTTP/1.1" 200 8542
::1 - - [27/Mar/2024:13:19:52 +0000] "GET /api//utility/lastest-dashboard-notifications/6360?profile=true&user=true&role=vendor HTTP/1.1" 200 7290
::1 - - [27/Mar/2024:13:19:52 +0000] "GET /api//course-target?answer=true&course_id=17 HTTP/1.1" 200 450
::1 - - [27/Mar/2024:13:19:59 +0000] "OPTIONS /api//course/17?course_modules=true&course_lectures=true HTTP/1.1" 204 0
::1 - - [27/Mar/2024:13:19:59 +0000] "GET /api//course/17?course_modules=true&course_lectures=true HTTP/1.1" 200 1049
::1 - - [27/Mar/2024:13:20:58 +0000] "OPTIONS /api//site-setting HTTP/1.1" 204 0
::1 - - [27/Mar/2024:13:20:58 +0000] "GET /api//site-setting HTTP/1.1" 200 2946
::1 - - [27/Mar/2024:13:21:03 +0000] "OPTIONS /api//utility/lastest-dashboard-notifications/6360?profile=true&user=true&role=vendor HTTP/1.1" 204 0
::1 - - [27/Mar/2024:13:21:03 +0000] "OPTIONS /api//dashboard/6360?search_by=vendor HTTP/1.1" 204 0
::1 - - [27/Mar/2024:13:21:03 +0000] "GET /api//utility/lastest-dashboard-notifications/6360?profile=true&user=true&role=vendor HTTP/1.1" 200 7290
::1 - - [27/Mar/2024:13:21:03 +0000] "GET /api//dashboard/6360?search_by=vendor HTTP/1.1" 200 66186
::1 - - [27/Mar/2024:14:21:08 +0000] "OPTIONS /api//category?tree=true&is_active=true&type=courses HTTP/1.1" 204 0
::1 - - [27/Mar/2024:14:21:08 +0000] "OPTIONS /api//category?tree=true&is_active=true&type=events HTTP/1.1" 204 0
::1 - - [27/Mar/2024:14:21:08 +0000] "GET /api//category?tree=true&is_active=true&type=courses HTTP/1.1" 200 3769
::1 - - [27/Mar/2024:14:21:08 +0000] "OPTIONS /api//utility/product-left-panel/countries HTTP/1.1" 204 0
::1 - - [27/Mar/2024:14:21:09 +0000] "GET /api//category?tree=true&is_active=true&type=events HTTP/1.1" 200 8542
::1 - - [27/Mar/2024:14:21:09 +0000] "OPTIONS /api//utility/product-left-panel/event_speakers HTTP/1.1" 204 0
::1 - - [27/Mar/2024:14:21:09 +0000] "OPTIONS /api//site-setting HTTP/1.1" 204 0
::1 - - [27/Mar/2024:14:21:09 +0000] "OPTIONS /api//page-slider?page=home&is_active=true HTTP/1.1" 204 0
::1 - - [27/Mar/2024:14:21:09 +0000] "OPTIONS /api//event?pagination=true&limit=10&is_publish=true&images=true&is_featured=1&event=true&event_speaker=true&fetch_price=true&is_delete=true&is_active=true&date_filter=true&isApproved=true HTTP/1.1" 204 0
::1 - - [27/Mar/2024:14:21:09 +0000] "OPTIONS /api//testimonial?pagination=true&limit=10&is_active=true HTTP/1.1" 204 0
::1 - - [27/Mar/2024:14:21:09 +0000] "OPTIONS /api//course-user?course=true&images=true&review_count=true&created_by=true&group_by=true&is_delete=true&is_active=true HTTP/1.1" 204 0
::1 - - [27/Mar/2024:14:21:09 +0000] "OPTIONS /api//category?is_active=true&featured_course_category=true HTTP/1.1" 204 0
::1 - - [27/Mar/2024:14:21:09 +0000] "OPTIONS /api//event?pagination=true&limit=10&is_publish=true&images=true&coming_soon=true&event=true&event_speaker=true&fetch_price=true&is_delete=true&is_active=true&date_filter=true&isApproved=true HTTP/1.1" 204 0
::1 - - [27/Mar/2024:14:21:09 +0000] "OPTIONS /api//event?pagination=true&limit=10&is_publish=true&images=true&event=true&event_speaker=true&fetch_price=true&is_delete=true&is_active=true&past_event=true&date_filter=true&isApproved=true HTTP/1.1" 204 0
::1 - - [27/Mar/2024:14:21:09 +0000] "OPTIONS /api//brands HTTP/1.1" 204 0
::1 - - [27/Mar/2024:14:21:09 +0000] "PUT /api//utility/product-left-panel/countries HTTP/1.1" 400 360
::1 - - [27/Mar/2024:14:21:09 +0000] "PUT /api//utility/product-left-panel/event_speakers HTTP/1.1" 400 370
::1 - - [27/Mar/2024:14:21:09 +0000] "GET /api//site-setting HTTP/1.1" 200 2946
::1 - - [27/Mar/2024:14:21:09 +0000] "GET /api//page-slider?page=home&is_active=true HTTP/1.1" 200 2086
::1 - - [27/Mar/2024:14:21:09 +0000] "GET /api//testimonial?pagination=true&limit=10&is_active=true HTTP/1.1" 200 284
::1 - - [27/Mar/2024:14:21:09 +0000] "GET /api//brands HTTP/1.1" 200 1228
::1 - - [27/Mar/2024:14:21:09 +0000] "GET /api//course-user?course=true&images=true&review_count=true&created_by=true&group_by=true&is_delete=true&is_active=true HTTP/1.1" 200 367599
::1 - - [27/Mar/2024:14:21:09 +0000] "GET /api//event?pagination=true&limit=10&is_publish=true&images=true&event=true&event_speaker=true&fetch_price=true&is_delete=true&is_active=true&past_event=true&date_filter=true&isApproved=true HTTP/1.1" 200 63618
::1 - - [27/Mar/2024:14:21:09 +0000] "GET /api//event?pagination=true&limit=10&is_publish=true&images=true&is_featured=1&event=true&event_speaker=true&fetch_price=true&is_delete=true&is_active=true&date_filter=true&isApproved=true HTTP/1.1" 200 415
::1 - - [27/Mar/2024:14:21:09 +0000] "GET /api//event?pagination=true&limit=10&is_publish=true&images=true&coming_soon=true&event=true&event_speaker=true&fetch_price=true&is_delete=true&is_active=true&date_filter=true&isApproved=true HTTP/1.1" 200 418
::1 - - [27/Mar/2024:14:21:09 +0000] "GET /api//category?is_active=true&featured_course_category=true HTTP/1.1" 200 1546
::1 - - [27/Mar/2024:14:21:09 +0000] "OPTIONS /api//course?user=true&whislist=true&user_id=null&isApproved=true?pagination=true&limit=10&is_publish=true&category=10&is_featured=true&images=true&review_count=true&is_delete=true&is_active=true&offer=true&fetch_price=true HTTP/1.1" 204 0
::1 - - [27/Mar/2024:14:21:09 +0000] "GET /api//course?user=true&whislist=true&user_id=null&isApproved=true?pagination=true&limit=10&is_publish=true&category=10&is_featured=true&images=true&review_count=true&is_delete=true&is_active=true&offer=true&fetch_price=true HTTP/1.1" 200 13199
