::1 - - [15/Mar/2022:19:05:37 +0000] "GET /api/test HTTP/1.1" 200 2084
::1 - - [15/Mar/2022:19:08:57 +0000] "GET /api/utility/location/countries HTTP/1.1" 200 13814
::1 - - [16/Mar/2022:13:39:33 +0000] "OPTIONS /site-setting HTTP/1.1" 204 0
::1 - - [16/Mar/2022:13:39:33 +0000] "GET /site-setting HTTP/1.1" 400 184
::1 - - [16/Mar/2022:13:39:34 +0000] "OPTIONS /category?tree=true&is_active=true&type=courses HTTP/1.1" 204 0
::1 - - [16/Mar/2022:13:39:34 +0000] "OPTIONS /category?tree=true&is_active=true&type=events HTTP/1.1" 204 0
::1 - - [16/Mar/2022:13:39:34 +0000] "OPTIONS /utility/product-left-panel/countries HTTP/1.1" 204 0
::1 - - [16/Mar/2022:13:39:34 +0000] "OPTIONS /utility/product-left-panel/event_speakers HTTP/1.1" 204 0
::1 - - [16/Mar/2022:13:39:34 +0000] "GET /category?tree=true&is_active=true&type=courses HTTP/1.1" 400 218
::1 - - [16/Mar/2022:13:39:35 +0000] "GET /category?tree=true&is_active=true&type=events HTTP/1.1" 400 217
::1 - - [16/Mar/2022:13:39:35 +0000] "PUT /utility/product-left-panel/countries HTTP/1.1" 404 175
::1 - - [16/Mar/2022:13:39:35 +0000] "OPTIONS /category?is_active=true&featured_course_category=true HTTP/1.1" 204 0
::1 - - [16/Mar/2022:13:39:35 +0000] "GET /site-setting HTTP/1.1" 400 184
::1 - - [16/Mar/2022:13:39:35 +0000] "PUT /utility/product-left-panel/event_speakers HTTP/1.1" 404 180
::1 - - [16/Mar/2022:13:39:35 +0000] "OPTIONS /page-slider?page=home&is_active=true HTTP/1.1" 204 0
::1 - - [16/Mar/2022:13:39:35 +0000] "OPTIONS /event?pagination=true&limit=10&is_publish=true&images=true&is_featured=1&event=true&event_speaker=true&fetch_price=true&is_delete=true&is_active=true&date_filter=true&isApproved=true HTTP/1.1" 204 0
::1 - - [16/Mar/2022:13:39:35 +0000] "OPTIONS /testimonial?pagination=true&limit=10&is_active=true HTTP/1.1" 204 0
::1 - - [16/Mar/2022:13:39:35 +0000] "OPTIONS /course-user?course=true&images=true&review_count=true&created_by=true&group_by=true&is_delete=true&is_active=true HTTP/1.1" 204 0
::1 - - [16/Mar/2022:13:39:35 +0000] "OPTIONS /event?pagination=true&limit=10&is_publish=true&images=true&coming_soon=true&event=true&event_speaker=true&fetch_price=true&is_delete=true&is_active=true&date_filter=true&isApproved=true HTTP/1.1" 204 0
::1 - - [16/Mar/2022:13:39:35 +0000] "OPTIONS /event?pagination=true&limit=10&is_publish=true&images=true&event=true&event_speaker=true&fetch_price=true&is_delete=true&is_active=true&past_event=true&date_filter=true&isApproved=true HTTP/1.1" 204 0
::1 - - [16/Mar/2022:13:39:35 +0000] "OPTIONS /brands HTTP/1.1" 204 0
::1 - - [16/Mar/2022:13:39:35 +0000] "GET /category?is_active=true&featured_course_category=true HTTP/1.1" 400 225
::1 - - [16/Mar/2022:13:39:35 +0000] "GET /page-slider?page=home&is_active=true HTTP/1.1" 400 208
::1 - - [16/Mar/2022:13:39:35 +0000] "GET /event?pagination=true&limit=10&is_publish=true&images=true&is_featured=1&event=true&event_speaker=true&fetch_price=true&is_delete=true&is_active=true&date_filter=true&isApproved=true HTTP/1.1" 400 354
::1 - - [16/Mar/2022:13:39:35 +0000] "GET /testimonial?pagination=true&limit=10&is_active=true HTTP/1.1" 400 223
::1 - - [16/Mar/2022:13:39:35 +0000] "GET /course-user?course=true&images=true&review_count=true&created_by=true&group_by=true&is_delete=true&is_active=true HTTP/1.1" 400 285
::1 - - [16/Mar/2022:13:39:35 +0000] "GET /event?pagination=true&limit=10&is_publish=true&images=true&coming_soon=true&event=true&event_speaker=true&fetch_price=true&is_delete=true&is_active=true&date_filter=true&isApproved=true HTTP/1.1" 400 357
::1 - - [16/Mar/2022:13:39:35 +0000] "GET /event?pagination=true&limit=10&is_publish=true&images=true&event=true&event_speaker=true&fetch_price=true&is_delete=true&is_active=true&past_event=true&date_filter=true&isApproved=true HTTP/1.1" 400 356
::1 - - [16/Mar/2022:13:39:35 +0000] "GET /brands HTTP/1.1" 400 178
::1 - - [16/Mar/2022:13:39:53 +0000] "OPTIONS /site-setting HTTP/1.1" 204 0
::1 - - [16/Mar/2022:13:39:53 +0000] "GET /site-setting HTTP/1.1" 400 184
::1 - - [16/Mar/2022:13:39:59 +0000] "OPTIONS /category?tree=true&is_active=true&type=courses HTTP/1.1" 204 0
::1 - - [16/Mar/2022:13:39:59 +0000] "OPTIONS /category?tree=true&is_active=true&type=events HTTP/1.1" 204 0
::1 - - [16/Mar/2022:13:39:59 +0000] "GET /category?tree=true&is_active=true&type=courses HTTP/1.1" 400 218
::1 - - [16/Mar/2022:13:39:59 +0000] "OPTIONS /utility/product-left-panel/countries HTTP/1.1" 204 0
::1 - - [16/Mar/2022:13:39:59 +0000] "GET /category?tree=true&is_active=true&type=events HTTP/1.1" 400 217
::1 - - [16/Mar/2022:13:39:59 +0000] "OPTIONS /utility/product-left-panel/event_speakers HTTP/1.1" 204 0
::1 - - [16/Mar/2022:13:39:59 +0000] "PUT /utility/product-left-panel/countries HTTP/1.1" 404 175
::1 - - [16/Mar/2022:13:39:59 +0000] "OPTIONS /site-setting HTTP/1.1" 204 0
::1 - - [16/Mar/2022:13:39:59 +0000] "PUT /utility/product-left-panel/event_speakers HTTP/1.1" 404 180
::1 - - [16/Mar/2022:13:39:59 +0000] "GET /site-setting HTTP/1.1" 400 184
::1 - - [16/Mar/2022:13:39:59 +0000] "OPTIONS /page-slider?page=home&is_active=true HTTP/1.1" 204 0
::1 - - [16/Mar/2022:13:39:59 +0000] "OPTIONS /category?is_active=true&featured_course_category=true HTTP/1.1" 204 0
::1 - - [16/Mar/2022:13:39:59 +0000] "GET /page-slider?page=home&is_active=true HTTP/1.1" 400 208
::1 - - [16/Mar/2022:13:39:59 +0000] "OPTIONS /event?pagination=true&limit=10&is_publish=true&images=true&is_featured=1&event=true&event_speaker=true&fetch_price=true&is_delete=true&is_active=true&date_filter=true&isApproved=true HTTP/1.1" 204 0
::1 - - [16/Mar/2022:13:39:59 +0000] "GET /category?is_active=true&featured_course_category=true HTTP/1.1" 400 225
::1 - - [16/Mar/2022:13:39:59 +0000] "OPTIONS /testimonial?pagination=true&limit=10&is_active=true HTTP/1.1" 204 0
::1 - - [16/Mar/2022:13:39:59 +0000] "GET /event?pagination=true&limit=10&is_publish=true&images=true&is_featured=1&event=true&event_speaker=true&fetch_price=true&is_delete=true&is_active=true&date_filter=true&isApproved=true HTTP/1.1" 400 354
::1 - - [16/Mar/2022:13:39:59 +0000] "OPTIONS /course-user?course=true&images=true&review_count=true&created_by=true&group_by=true&is_delete=true&is_active=true HTTP/1.1" 204 0
::1 - - [16/Mar/2022:13:39:59 +0000] "GET /testimonial?pagination=true&limit=10&is_active=true HTTP/1.1" 400 223
::1 - - [16/Mar/2022:13:39:59 +0000] "OPTIONS /event?pagination=true&limit=10&is_publish=true&images=true&coming_soon=true&event=true&event_speaker=true&fetch_price=true&is_delete=true&is_active=true&date_filter=true&isApproved=true HTTP/1.1" 204 0
::1 - - [16/Mar/2022:13:39:59 +0000] "GET /course-user?course=true&images=true&review_count=true&created_by=true&group_by=true&is_delete=true&is_active=true HTTP/1.1" 400 285
::1 - - [16/Mar/2022:13:39:59 +0000] "GET /event?pagination=true&limit=10&is_publish=true&images=true&coming_soon=true&event=true&event_speaker=true&fetch_price=true&is_delete=true&is_active=true&date_filter=true&isApproved=true HTTP/1.1" 400 357
::1 - - [16/Mar/2022:13:39:59 +0000] "OPTIONS /event?pagination=true&limit=10&is_publish=true&images=true&event=true&event_speaker=true&fetch_price=true&is_delete=true&is_active=true&past_event=true&date_filter=true&isApproved=true HTTP/1.1" 204 0
::1 - - [16/Mar/2022:13:39:59 +0000] "OPTIONS /brands HTTP/1.1" 204 0
::1 - - [16/Mar/2022:13:39:59 +0000] "GET /event?pagination=true&limit=10&is_publish=true&images=true&event=true&event_speaker=true&fetch_price=true&is_delete=true&is_active=true&past_event=true&date_filter=true&isApproved=true HTTP/1.1" 400 356
::1 - - [16/Mar/2022:13:39:59 +0000] "GET /brands HTTP/1.1" 400 178
::1 - - [16/Mar/2022:13:41:59 +0000] "OPTIONS /api//site-setting HTTP/1.1" 204 0
::1 - - [16/Mar/2022:13:42:00 +0000] "GET /api//site-setting HTTP/1.1" 200 2946
::1 - - [16/Mar/2022:13:42:05 +0000] "OPTIONS /api//category?tree=true&is_active=true&type=courses HTTP/1.1" 204 0
::1 - - [16/Mar/2022:13:42:05 +0000] "OPTIONS /api//category?tree=true&is_active=true&type=events HTTP/1.1" 204 0
::1 - - [16/Mar/2022:13:42:05 +0000] "OPTIONS /api//utility/product-left-panel/countries HTTP/1.1" 204 0
::1 - - [16/Mar/2022:13:42:05 +0000] "OPTIONS /api//utility/product-left-panel/event_speakers HTTP/1.1" 204 0
::1 - - [16/Mar/2022:13:42:05 +0000] "OPTIONS /api//site-setting HTTP/1.1" 204 0
::1 - - [16/Mar/2022:13:42:05 +0000] "OPTIONS /api//page-slider?page=home&is_active=true HTTP/1.1" 204 0
::1 - - [16/Mar/2022:13:42:05 +0000] "GET /api//category?tree=true&is_active=true&type=courses HTTP/1.1" 200 3769
::1 - - [16/Mar/2022:13:42:05 +0000] "OPTIONS /api//category?is_active=true&featured_course_category=true HTTP/1.1" 204 0
::1 - - [16/Mar/2022:13:42:05 +0000] "OPTIONS /api//event?pagination=true&limit=10&is_publish=true&images=true&is_featured=1&event=true&event_speaker=true&fetch_price=true&is_delete=true&is_active=true&date_filter=true&isApproved=true HTTP/1.1" 204 0
::1 - - [16/Mar/2022:13:42:05 +0000] "OPTIONS /api//testimonial?pagination=true&limit=10&is_active=true HTTP/1.1" 204 0
::1 - - [16/Mar/2022:13:42:05 +0000] "OPTIONS /api//course-user?course=true&images=true&review_count=true&created_by=true&group_by=true&is_delete=true&is_active=true HTTP/1.1" 204 0
::1 - - [16/Mar/2022:13:42:05 +0000] "OPTIONS /api//event?pagination=true&limit=10&is_publish=true&images=true&coming_soon=true&event=true&event_speaker=true&fetch_price=true&is_delete=true&is_active=true&date_filter=true&isApproved=true HTTP/1.1" 204 0
::1 - - [16/Mar/2022:13:42:05 +0000] "GET /api//category?tree=true&is_active=true&type=events HTTP/1.1" 200 8542
::1 - - [16/Mar/2022:13:42:05 +0000] "OPTIONS /api//event?pagination=true&limit=10&is_publish=true&images=true&event=true&event_speaker=true&fetch_price=true&is_delete=true&is_active=true&past_event=true&date_filter=true&isApproved=true HTTP/1.1" 204 0
::1 - - [16/Mar/2022:13:42:05 +0000] "OPTIONS /api//brands HTTP/1.1" 204 0
::1 - - [16/Mar/2022:13:42:05 +0000] "PUT /api//utility/product-left-panel/countries HTTP/1.1" 400 360
::1 - - [16/Mar/2022:13:42:05 +0000] "PUT /api//utility/product-left-panel/event_speakers HTTP/1.1" 400 370
::1 - - [16/Mar/2022:13:42:05 +0000] "GET /api//site-setting HTTP/1.1" 200 2946
::1 - - [16/Mar/2022:13:42:05 +0000] "GET /api//page-slider?page=home&is_active=true HTTP/1.1" 200 2086
::1 - - [16/Mar/2022:13:42:05 +0000] "GET /api//category?is_active=true&featured_course_category=true HTTP/1.1" 200 1546
::1 - - [16/Mar/2022:13:42:05 +0000] "GET /api//event?pagination=true&limit=10&is_publish=true&images=true&is_featured=1&event=true&event_speaker=true&fetch_price=true&is_delete=true&is_active=true&date_filter=true&isApproved=true HTTP/1.1" 200 415
::1 - - [16/Mar/2022:13:42:05 +0000] "GET /api//testimonial?pagination=true&limit=10&is_active=true HTTP/1.1" 200 284
::1 - - [16/Mar/2022:13:42:05 +0000] "GET /api//brands HTTP/1.1" 200 1228
::1 - - [16/Mar/2022:13:42:05 +0000] "GET /api//course-user?course=true&images=true&review_count=true&created_by=true&group_by=true&is_delete=true&is_active=true HTTP/1.1" 200 367599
::1 - - [16/Mar/2022:13:42:06 +0000] "OPTIONS /api//course?user=true&whislist=true&user_id=null&isApproved=true?pagination=true&limit=10&is_publish=true&category=10&is_featured=true&images=true&review_count=true&is_delete=true&is_active=true&offer=true&fetch_price=true HTTP/1.1" 204 0
::1 - - [16/Mar/2022:13:42:06 +0000] "GET /api//event?pagination=true&limit=10&is_publish=true&images=true&coming_soon=true&event=true&event_speaker=true&fetch_price=true&is_delete=true&is_active=true&date_filter=true&isApproved=true HTTP/1.1" 200 14195
::1 - - [16/Mar/2022:13:42:06 +0000] "GET /api//event?pagination=true&limit=10&is_publish=true&images=true&event=true&event_speaker=true&fetch_price=true&is_delete=true&is_active=true&past_event=true&date_filter=true&isApproved=true HTTP/1.1" 200 75311
::1 - - [16/Mar/2022:13:42:06 +0000] "GET /api//course?user=true&whislist=true&user_id=null&isApproved=true?pagination=true&limit=10&is_publish=true&category=10&is_featured=true&images=true&review_count=true&is_delete=true&is_active=true&offer=true&fetch_price=true HTTP/1.1" 200 13199
