::1 - - [28/Mar/2024:07:15:03 +0000] "OPTIONS /api//site-setting HTTP/1.1" 204 0
::1 - - [28/Mar/2024:07:15:03 +0000] "GET /api//site-setting HTTP/1.1" 200 2946
::1 - - [28/Mar/2024:07:15:04 +0000] "OPTIONS /api//category?tree=true&is_active=true&type=courses HTTP/1.1" 204 0
::1 - - [28/Mar/2024:07:15:04 +0000] "OPTIONS /api//category?tree=true&is_active=true&type=events HTTP/1.1" 204 0
::1 - - [28/Mar/2024:07:15:04 +0000] "OPTIONS /api//utility/product-left-panel/countries HTTP/1.1" 204 0
::1 - - [28/Mar/2024:07:15:04 +0000] "OPTIONS /api//utility/product-left-panel/event_speakers HTTP/1.1" 204 0
::1 - - [28/Mar/2024:07:15:05 +0000] "OPTIONS /api//page-slider?page=home&is_active=true HTTP/1.1" 204 0
::1 - - [28/Mar/2024:07:15:05 +0000] "OPTIONS /api//category?is_active=true&featured_course_category=true HTTP/1.1" 204 0
::1 - - [28/Mar/2024:07:15:05 +0000] "OPTIONS /api//event?pagination=true&limit=10&is_publish=true&images=true&is_featured=1&event=true&event_speaker=true&fetch_price=true&is_delete=true&is_active=true&date_filter=true&isApproved=true HTTP/1.1" 204 0
::1 - - [28/Mar/2024:07:15:05 +0000] "OPTIONS /api//testimonial?pagination=true&limit=10&is_active=true HTTP/1.1" 204 0
::1 - - [28/Mar/2024:07:15:05 +0000] "OPTIONS /api//course-user?course=true&images=true&review_count=true&created_by=true&group_by=true&is_delete=true&is_active=true HTTP/1.1" 204 0
::1 - - [28/Mar/2024:07:15:05 +0000] "OPTIONS /api//event?pagination=true&limit=10&is_publish=true&images=true&coming_soon=true&event=true&event_speaker=true&fetch_price=true&is_delete=true&is_active=true&date_filter=true&isApproved=true HTTP/1.1" 204 0
::1 - - [28/Mar/2024:07:15:05 +0000] "OPTIONS /api//event?pagination=true&limit=10&is_publish=true&images=true&event=true&event_speaker=true&fetch_price=true&is_delete=true&is_active=true&past_event=true&date_filter=true&isApproved=true HTTP/1.1" 204 0
::1 - - [28/Mar/2024:07:15:05 +0000] "OPTIONS /api//brands HTTP/1.1" 204 0
::1 - - [28/Mar/2024:07:15:05 +0000] "PUT /api//utility/product-left-panel/countries HTTP/1.1" 400 360
::1 - - [28/Mar/2024:07:15:05 +0000] "PUT /api//utility/product-left-panel/event_speakers HTTP/1.1" 400 370
::1 - - [28/Mar/2024:07:15:05 +0000] "GET /api//page-slider?page=home&is_active=true HTTP/1.1" 200 2086
::1 - - [28/Mar/2024:07:15:05 +0000] "GET /api//category?tree=true&is_active=true&type=events HTTP/1.1" 200 8542
::1 - - [28/Mar/2024:07:15:05 +0000] "GET /api//category?tree=true&is_active=true&type=courses HTTP/1.1" 200 3769
::1 - - [28/Mar/2024:07:15:05 +0000] "GET /api//category?is_active=true&featured_course_category=true HTTP/1.1" 200 1546
::1 - - [28/Mar/2024:07:15:05 +0000] "GET /api//testimonial?pagination=true&limit=10&is_active=true HTTP/1.1" 200 284
::1 - - [28/Mar/2024:07:15:06 +0000] "OPTIONS /api//course?user=true&whislist=true&user_id=null&isApproved=true?pagination=true&limit=10&is_publish=true&category=10&is_featured=true&images=true&review_count=true&is_delete=true&is_active=true&offer=true&fetch_price=true HTTP/1.1" 204 0
::1 - - [28/Mar/2024:07:15:06 +0000] "GET /api//brands HTTP/1.1" 200 1228
::1 - - [28/Mar/2024:07:15:06 +0000] "GET /api//event?pagination=true&limit=10&is_publish=true&images=true&coming_soon=true&event=true&event_speaker=true&fetch_price=true&is_delete=true&is_active=true&date_filter=true&isApproved=true HTTP/1.1" 200 418
::1 - - [28/Mar/2024:07:15:06 +0000] "GET /api//event?pagination=true&limit=10&is_publish=true&images=true&is_featured=1&event=true&event_speaker=true&fetch_price=true&is_delete=true&is_active=true&date_filter=true&isApproved=true HTTP/1.1" 200 415
::1 - - [28/Mar/2024:07:15:06 +0000] "GET /api//course-user?course=true&images=true&review_count=true&created_by=true&group_by=true&is_delete=true&is_active=true HTTP/1.1" 200 367599
::1 - - [28/Mar/2024:07:15:06 +0000] "GET /api//course?user=true&whislist=true&user_id=null&isApproved=true?pagination=true&limit=10&is_publish=true&category=10&is_featured=true&images=true&review_count=true&is_delete=true&is_active=true&offer=true&fetch_price=true HTTP/1.1" 200 13199
::1 - - [28/Mar/2024:07:15:06 +0000] "GET /api//event?pagination=true&limit=10&is_publish=true&images=true&event=true&event_speaker=true&fetch_price=true&is_delete=true&is_active=true&past_event=true&date_filter=true&isApproved=true HTTP/1.1" 200 63618
::1 - - [28/Mar/2024:07:15:10 +0000] "OPTIONS /api//cms-page/cart HTTP/1.1" 204 0
::1 - - [28/Mar/2024:07:15:10 +0000] "GET /api//cms-page/cart HTTP/1.1" 200 459
::1 - - [28/Mar/2024:09:28:23 +0000] "OPTIONS /api//login HTTP/1.1" 204 0
::1 - - [28/Mar/2024:09:28:24 +0000] "POST /api//login HTTP/1.1" 200 5095
::1 - - [28/Mar/2024:09:28:24 +0000] "OPTIONS /api//wishlist?product_details=true&images=true&user_id=6360&order_by=-id&limit=2&page=1 HTTP/1.1" 204 0
::1 - - [28/Mar/2024:09:28:24 +0000] "GET /api//wishlist?product_details=true&images=true&user_id=6360&order_by=-id&limit=2&page=1 HTTP/1.1" 200 250
::1 - - [28/Mar/2024:09:28:27 +0000] "OPTIONS /api//utility/lastest-dashboard-notifications/6360?profile=true&user=true&role=vendor HTTP/1.1" 204 0
::1 - - [28/Mar/2024:09:28:27 +0000] "OPTIONS /api//dashboard/6360?search_by=vendor HTTP/1.1" 204 0
::1 - - [28/Mar/2024:09:28:27 +0000] "GET /api//utility/lastest-dashboard-notifications/6360?profile=true&user=true&role=vendor HTTP/1.1" 200 7290
::1 - - [28/Mar/2024:09:28:27 +0000] "GET /api//dashboard/6360?search_by=vendor HTTP/1.1" 200 66186
::1 - - [28/Mar/2024:09:28:32 +0000] "OPTIONS /api//course?categories=true&user=true&is_delete=true&course_promotion=true&fetch_price=true&order_count=true&created_by=6360 HTTP/1.1" 204 0
::1 - - [28/Mar/2024:09:28:32 +0000] "OPTIONS /api//category?parent=true&is_active=true&type=courses HTTP/1.1" 204 0
::1 - - [28/Mar/2024:09:28:32 +0000] "GET /api//category?parent=true&is_active=true&type=courses HTTP/1.1" 200 4734
::1 - - [28/Mar/2024:09:28:32 +0000] "GET /api//course?categories=true&user=true&is_delete=true&course_promotion=true&fetch_price=true&order_count=true&created_by=6360 HTTP/1.1" 200 28226
::1 - - [28/Mar/2024:09:28:32 +0000] "GET /api//utility/lastest-dashboard-notifications/6360?profile=true&user=true&role=vendor HTTP/1.1" 200 7290
::1 - - [28/Mar/2024:09:28:35 +0000] "OPTIONS /api//utility/course-order-status/17 HTTP/1.1" 204 0
::1 - - [28/Mar/2024:09:28:35 +0000] "GET /api//utility/course-order-status/17 HTTP/1.1" 200 229
::1 - - [28/Mar/2024:09:28:35 +0000] "GET /api//utility/course-order-status/17 HTTP/1.1" 200 229
::1 - - [28/Mar/2024:09:28:35 +0000] "GET /api//utility/course-order-status/17 HTTP/1.1" 200 229
::1 - - [28/Mar/2024:09:28:35 +0000] "OPTIONS /api//utility/lastest-dashboard-notifications/6360?profile=true&user=true&role=vendor HTTP/1.1" 204 0
::1 - - [28/Mar/2024:09:28:35 +0000] "OPTIONS /api//wishlist?product_details=true&images=true&user_id=6360&order_by=-id&limit=2&page=1 HTTP/1.1" 204 0
::1 - - [28/Mar/2024:09:28:35 +0000] "OPTIONS /api//category?tree=true&is_active=true&type=courses HTTP/1.1" 204 0
::1 - - [28/Mar/2024:09:28:35 +0000] "OPTIONS /api//category?tree=true&is_active=true&type=events HTTP/1.1" 204 0
::1 - - [28/Mar/2024:09:28:35 +0000] "OPTIONS /api//utility/product-left-panel/countries HTTP/1.1" 204 0
::1 - - [28/Mar/2024:09:28:35 +0000] "OPTIONS /api//utility/product-left-panel/event_speakers HTTP/1.1" 204 0
::1 - - [28/Mar/2024:09:28:35 +0000] "OPTIONS /api//course-target?answer=true&course_id=17 HTTP/1.1" 204 0
::1 - - [28/Mar/2024:09:28:35 +0000] "GET /api//utility/lastest-dashboard-notifications/6360?profile=true&user=true&role=vendor HTTP/1.1" 200 7290
::1 - - [28/Mar/2024:09:28:35 +0000] "PUT /api//utility/product-left-panel/countries HTTP/1.1" 400 360
::1 - - [28/Mar/2024:09:28:35 +0000] "PUT /api//utility/product-left-panel/event_speakers HTTP/1.1" 400 370
::1 - - [28/Mar/2024:09:28:36 +0000] "GET /api//wishlist?product_details=true&images=true&user_id=6360&order_by=-id&limit=2&page=1 HTTP/1.1" 200 250
::1 - - [28/Mar/2024:09:28:36 +0000] "GET /api//category?tree=true&is_active=true&type=courses HTTP/1.1" 200 3769
::1 - - [28/Mar/2024:09:28:36 +0000] "GET /api//category?tree=true&is_active=true&type=events HTTP/1.1" 200 8542
::1 - - [28/Mar/2024:09:28:36 +0000] "GET /api//course-target?answer=true&course_id=17 HTTP/1.1" 200 450
::1 - - [28/Mar/2024:09:28:41 +0000] "OPTIONS /api//course/17?course_modules=true&course_lectures=true HTTP/1.1" 204 0
::1 - - [28/Mar/2024:09:28:41 +0000] "GET /api//course/17?course_modules=true&course_lectures=true HTTP/1.1" 200 1049
::1 - - [28/Mar/2024:09:28:48 +0000] "OPTIONS /api//utility/product/search/autocomplete?string=Ipsum, HTTP/1.1" 204 0
::1 - - [28/Mar/2024:09:28:48 +0000] "GET /api//utility/product/search/autocomplete?string=Ipsum, HTTP/1.1" 400 514
::1 - - [28/Mar/2024:09:29:22 +0000] "OPTIONS /api//course-lecture HTTP/1.1" 204 0
::1 - - [28/Mar/2024:09:29:22 +0000] "POST /api//course-lecture HTTP/1.1" 422 225
::1 - - [28/Mar/2024:09:29:30 +0000] "OPTIONS /api//course-lecture HTTP/1.1" 204 0
::1 - - [28/Mar/2024:09:29:30 +0000] "POST /api//course-lecture HTTP/1.1" 422 225
::1 - - [28/Mar/2024:09:30:01 +0000] "OPTIONS /api//course-lecture HTTP/1.1" 204 0
::1 - - [28/Mar/2024:09:30:01 +0000] "POST /api//course-lecture HTTP/1.1" 422 225
::1 - - [28/Mar/2024:09:30:05 +0000] "POST /api//course-lecture HTTP/1.1" 422 225
::1 - - [28/Mar/2024:09:30:15 +0000] "OPTIONS /api//course-lecture HTTP/1.1" 204 0
::1 - - [28/Mar/2024:09:30:15 +0000] "POST /api//course-lecture HTTP/1.1" 422 225
::1 - - [28/Mar/2024:09:30:19 +0000] "POST /api//course-lecture HTTP/1.1" 422 225
::1 - - [28/Mar/2024:09:30:40 +0000] "OPTIONS /api//course-lecture HTTP/1.1" 204 0
::1 - - [28/Mar/2024:09:30:40 +0000] "POST /api//course-lecture HTTP/1.1" 422 225
::1 - - [28/Mar/2024:09:31:07 +0000] "OPTIONS /api//site-setting HTTP/1.1" 204 0
::1 - - [28/Mar/2024:09:31:11 +0000] "OPTIONS /api//utility/course-order-status/17 HTTP/1.1" 204 0
::1 - - [28/Mar/2024:09:31:11 +0000] "OPTIONS /api//utility/course-order-status/17 HTTP/1.1" 204 0
::1 - - [28/Mar/2024:09:31:11 +0000] "OPTIONS /api//utility/lastest-dashboard-notifications/6360?profile=true&user=true&role=vendor HTTP/1.1" 204 0
::1 - - [28/Mar/2024:09:31:11 +0000] "OPTIONS /api//wishlist?product_details=true&images=true&user_id=6360&order_by=-id&limit=2&page=1 HTTP/1.1" 204 0
::1 - - [28/Mar/2024:09:31:11 +0000] "OPTIONS /api//category?tree=true&is_active=true&type=courses HTTP/1.1" 204 0
::1 - - [28/Mar/2024:09:31:11 +0000] "OPTIONS /api//category?tree=true&is_active=true&type=events HTTP/1.1" 204 0
::1 - - [28/Mar/2024:09:31:11 +0000] "OPTIONS /api//utility/product-left-panel/countries HTTP/1.1" 204 0
::1 - - [28/Mar/2024:09:31:11 +0000] "OPTIONS /api//utility/product-left-panel/event_speakers HTTP/1.1" 204 0
::1 - - [28/Mar/2024:09:31:11 +0000] "OPTIONS /api//course/17?course_modules=true&course_lectures=true HTTP/1.1" 204 0
::1 - - [28/Mar/2024:09:31:11 +0000] "PUT /api//utility/product-left-panel/countries HTTP/1.1" 400 360
::1 - - [28/Mar/2024:09:31:11 +0000] "PUT /api//utility/product-left-panel/event_speakers HTTP/1.1" 400 370
::1 - - [28/Mar/2024:09:33:51 +0000] "OPTIONS /api//site-setting HTTP/1.1" 204 0
::1 - - [28/Mar/2024:09:33:51 +0000] "GET /api//site-setting HTTP/1.1" 200 2946
::1 - - [28/Mar/2024:09:33:55 +0000] "OPTIONS /api//utility/course-order-status/17 HTTP/1.1" 204 0
::1 - - [28/Mar/2024:09:33:55 +0000] "OPTIONS /api//utility/course-order-status/17 HTTP/1.1" 204 0
::1 - - [28/Mar/2024:09:33:55 +0000] "GET /api//utility/course-order-status/17 HTTP/1.1" 200 229
::1 - - [28/Mar/2024:09:33:55 +0000] "GET /api//utility/course-order-status/17 HTTP/1.1" 200 229
::1 - - [28/Mar/2024:09:33:55 +0000] "OPTIONS /api//utility/lastest-dashboard-notifications/6360?profile=true&user=true&role=vendor HTTP/1.1" 204 0
::1 - - [28/Mar/2024:09:33:55 +0000] "OPTIONS /api//wishlist?product_details=true&images=true&user_id=6360&order_by=-id&limit=2&page=1 HTTP/1.1" 204 0
::1 - - [28/Mar/2024:09:33:55 +0000] "OPTIONS /api//category?tree=true&is_active=true&type=courses HTTP/1.1" 204 0
::1 - - [28/Mar/2024:09:33:55 +0000] "OPTIONS /api//category?tree=true&is_active=true&type=events HTTP/1.1" 204 0
::1 - - [28/Mar/2024:09:33:55 +0000] "OPTIONS /api//utility/product-left-panel/countries HTTP/1.1" 204 0
::1 - - [28/Mar/2024:09:33:55 +0000] "GET /api//wishlist?product_details=true&images=true&user_id=6360&order_by=-id&limit=2&page=1 HTTP/1.1" 200 250
::1 - - [28/Mar/2024:09:33:55 +0000] "OPTIONS /api//utility/product-left-panel/event_speakers HTTP/1.1" 204 0
::1 - - [28/Mar/2024:09:33:55 +0000] "OPTIONS /api//course/17?course_modules=true&course_lectures=true HTTP/1.1" 204 0
::1 - - [28/Mar/2024:09:33:55 +0000] "GET /api//category?tree=true&is_active=true&type=courses HTTP/1.1" 200 3769
::1 - - [28/Mar/2024:09:33:55 +0000] "PUT /api//utility/product-left-panel/countries HTTP/1.1" 400 360
::1 - - [28/Mar/2024:09:33:55 +0000] "PUT /api//utility/product-left-panel/event_speakers HTTP/1.1" 400 370
::1 - - [28/Mar/2024:09:33:55 +0000] "GET /api//category?tree=true&is_active=true&type=events HTTP/1.1" 200 8542
::1 - - [28/Mar/2024:09:33:56 +0000] "GET /api//utility/lastest-dashboard-notifications/6360?profile=true&user=true&role=vendor HTTP/1.1" 200 7290
::1 - - [28/Mar/2024:09:33:56 +0000] "GET /api//course/17?course_modules=true&course_lectures=true HTTP/1.1" 200 1049
::1 - - [28/Mar/2024:09:35:41 +0000] "OPTIONS /api//site-setting HTTP/1.1" 204 0
::1 - - [28/Mar/2024:09:35:41 +0000] "GET /api//site-setting HTTP/1.1" 200 2946
::1 - - [28/Mar/2024:09:35:48 +0000] "OPTIONS /api//utility/course-order-status/17 HTTP/1.1" 204 0
::1 - - [28/Mar/2024:09:35:48 +0000] "OPTIONS /api//utility/course-order-status/17 HTTP/1.1" 204 0
::1 - - [28/Mar/2024:09:35:48 +0000] "GET /api//utility/course-order-status/17 HTTP/1.1" 200 229
::1 - - [28/Mar/2024:09:35:48 +0000] "GET /api//utility/course-order-status/17 HTTP/1.1" 200 229
::1 - - [28/Mar/2024:09:35:48 +0000] "OPTIONS /api//utility/lastest-dashboard-notifications/6360?profile=true&user=true&role=vendor HTTP/1.1" 204 0
::1 - - [28/Mar/2024:09:35:48 +0000] "OPTIONS /api//wishlist?product_details=true&images=true&user_id=6360&order_by=-id&limit=2&page=1 HTTP/1.1" 204 0
::1 - - [28/Mar/2024:09:35:48 +0000] "OPTIONS /api//category?tree=true&is_active=true&type=courses HTTP/1.1" 204 0
::1 - - [28/Mar/2024:09:35:48 +0000] "OPTIONS /api//category?tree=true&is_active=true&type=events HTTP/1.1" 204 0
::1 - - [28/Mar/2024:09:35:48 +0000] "OPTIONS /api//utility/product-left-panel/countries HTTP/1.1" 204 0
::1 - - [28/Mar/2024:09:35:48 +0000] "OPTIONS /api//utility/product-left-panel/event_speakers HTTP/1.1" 204 0
::1 - - [28/Mar/2024:09:35:48 +0000] "PUT /api//utility/product-left-panel/countries HTTP/1.1" 400 360
::1 - - [28/Mar/2024:09:35:48 +0000] "OPTIONS /api//course/17?course_modules=true&course_lectures=true HTTP/1.1" 204 0
::1 - - [28/Mar/2024:09:35:48 +0000] "GET /api//wishlist?product_details=true&images=true&user_id=6360&order_by=-id&limit=2&page=1 HTTP/1.1" 200 250
::1 - - [28/Mar/2024:09:35:48 +0000] "GET /api//category?tree=true&is_active=true&type=courses HTTP/1.1" 200 3769
::1 - - [28/Mar/2024:09:35:48 +0000] "PUT /api//utility/product-left-panel/event_speakers HTTP/1.1" 400 370
::1 - - [28/Mar/2024:09:35:48 +0000] "GET /api//category?tree=true&is_active=true&type=events HTTP/1.1" 200 8542
::1 - - [28/Mar/2024:09:35:48 +0000] "GET /api//utility/lastest-dashboard-notifications/6360?profile=true&user=true&role=vendor HTTP/1.1" 200 7290
::1 - - [28/Mar/2024:09:35:48 +0000] "GET /api//course/17?course_modules=true&course_lectures=true HTTP/1.1" 200 1049
::1 - - [28/Mar/2024:09:37:20 +0000] "OPTIONS /api//site-setting HTTP/1.1" 204 0
::1 - - [28/Mar/2024:09:37:20 +0000] "GET /api//site-setting HTTP/1.1" 200 2946
::1 - - [28/Mar/2024:09:37:25 +0000] "OPTIONS /api//utility/course-order-status/17 HTTP/1.1" 204 0
::1 - - [28/Mar/2024:09:37:25 +0000] "OPTIONS /api//utility/course-order-status/17 HTTP/1.1" 204 0
::1 - - [28/Mar/2024:09:37:25 +0000] "GET /api//utility/course-order-status/17 HTTP/1.1" 200 229
::1 - - [28/Mar/2024:09:37:25 +0000] "GET /api//utility/course-order-status/17 HTTP/1.1" 200 229
::1 - - [28/Mar/2024:09:37:25 +0000] "OPTIONS /api//utility/lastest-dashboard-notifications/6360?profile=true&user=true&role=vendor HTTP/1.1" 204 0
::1 - - [28/Mar/2024:09:37:25 +0000] "OPTIONS /api//wishlist?product_details=true&images=true&user_id=6360&order_by=-id&limit=2&page=1 HTTP/1.1" 204 0
::1 - - [28/Mar/2024:09:37:25 +0000] "OPTIONS /api//category?tree=true&is_active=true&type=courses HTTP/1.1" 204 0
::1 - - [28/Mar/2024:09:37:25 +0000] "OPTIONS /api//category?tree=true&is_active=true&type=events HTTP/1.1" 204 0
::1 - - [28/Mar/2024:09:37:25 +0000] "OPTIONS /api//utility/product-left-panel/countries HTTP/1.1" 204 0
::1 - - [28/Mar/2024:09:37:25 +0000] "OPTIONS /api//utility/product-left-panel/event_speakers HTTP/1.1" 204 0
::1 - - [28/Mar/2024:09:37:25 +0000] "OPTIONS /api//course/17?course_modules=true&course_lectures=true HTTP/1.1" 204 0
::1 - - [28/Mar/2024:09:37:25 +0000] "GET /api//wishlist?product_details=true&images=true&user_id=6360&order_by=-id&limit=2&page=1 HTTP/1.1" 200 250
::1 - - [28/Mar/2024:09:37:25 +0000] "GET /api//category?tree=true&is_active=true&type=courses HTTP/1.1" 200 3769
::1 - - [28/Mar/2024:09:37:25 +0000] "PUT /api//utility/product-left-panel/countries HTTP/1.1" 400 360
::1 - - [28/Mar/2024:09:37:25 +0000] "GET /api//category?tree=true&is_active=true&type=events HTTP/1.1" 200 8542
::1 - - [28/Mar/2024:09:37:25 +0000] "PUT /api//utility/product-left-panel/event_speakers HTTP/1.1" 400 370
::1 - - [28/Mar/2024:09:37:25 +0000] "GET /api//utility/lastest-dashboard-notifications/6360?profile=true&user=true&role=vendor HTTP/1.1" 200 7290
::1 - - [28/Mar/2024:09:37:25 +0000] "GET /api//course/17?course_modules=true&course_lectures=true HTTP/1.1" 200 1049
::1 - - [28/Mar/2024:09:41:22 +0000] "OPTIONS /api//site-setting HTTP/1.1" 204 0
::1 - - [28/Mar/2024:09:41:22 +0000] "GET /api//site-setting HTTP/1.1" 200 2946
::1 - - [28/Mar/2024:09:41:30 +0000] "OPTIONS /api//utility/course-order-status/17 HTTP/1.1" 204 0
::1 - - [28/Mar/2024:09:41:30 +0000] "OPTIONS /api//utility/course-order-status/17 HTTP/1.1" 204 0
::1 - - [28/Mar/2024:09:41:30 +0000] "GET /api//utility/course-order-status/17 HTTP/1.1" 200 229
::1 - - [28/Mar/2024:09:41:31 +0000] "GET /api//utility/course-order-status/17 HTTP/1.1" 200 229
::1 - - [28/Mar/2024:09:41:31 +0000] "OPTIONS /api//utility/lastest-dashboard-notifications/6360?profile=true&user=true&role=vendor HTTP/1.1" 204 0
::1 - - [28/Mar/2024:09:41:31 +0000] "OPTIONS /api//wishlist?product_details=true&images=true&user_id=6360&order_by=-id&limit=2&page=1 HTTP/1.1" 204 0
::1 - - [28/Mar/2024:09:41:31 +0000] "OPTIONS /api//category?tree=true&is_active=true&type=courses HTTP/1.1" 204 0
::1 - - [28/Mar/2024:09:41:31 +0000] "OPTIONS /api//category?tree=true&is_active=true&type=events HTTP/1.1" 204 0
::1 - - [28/Mar/2024:09:41:31 +0000] "OPTIONS /api//utility/product-left-panel/countries HTTP/1.1" 204 0
::1 - - [28/Mar/2024:09:41:31 +0000] "OPTIONS /api//utility/product-left-panel/event_speakers HTTP/1.1" 204 0
::1 - - [28/Mar/2024:09:41:31 +0000] "OPTIONS /api//course/17?course_modules=true&course_lectures=true HTTP/1.1" 204 0
::1 - - [28/Mar/2024:09:41:31 +0000] "GET /api//wishlist?product_details=true&images=true&user_id=6360&order_by=-id&limit=2&page=1 HTTP/1.1" 200 250
::1 - - [28/Mar/2024:09:41:31 +0000] "PUT /api//utility/product-left-panel/countries HTTP/1.1" 400 360
::1 - - [28/Mar/2024:09:41:31 +0000] "PUT /api//utility/product-left-panel/event_speakers HTTP/1.1" 400 370
::1 - - [28/Mar/2024:09:41:31 +0000] "GET /api//category?tree=true&is_active=true&type=events HTTP/1.1" 200 8542
::1 - - [28/Mar/2024:09:41:31 +0000] "GET /api//category?tree=true&is_active=true&type=courses HTTP/1.1" 200 3769
::1 - - [28/Mar/2024:09:41:31 +0000] "GET /api//utility/lastest-dashboard-notifications/6360?profile=true&user=true&role=vendor HTTP/1.1" 200 7290
::1 - - [28/Mar/2024:09:41:31 +0000] "GET /api//course/17?course_modules=true&course_lectures=true HTTP/1.1" 200 1049
::1 - - [28/Mar/2024:09:44:39 +0000] "OPTIONS /api//site-setting HTTP/1.1" 204 0
::1 - - [28/Mar/2024:09:44:39 +0000] "GET /api//site-setting HTTP/1.1" 200 2946
::1 - - [28/Mar/2024:09:44:49 +0000] "OPTIONS /api//utility/course-order-status/17 HTTP/1.1" 204 0
::1 - - [28/Mar/2024:09:44:49 +0000] "OPTIONS /api//utility/course-order-status/17 HTTP/1.1" 204 0
::1 - - [28/Mar/2024:09:44:49 +0000] "GET /api//utility/course-order-status/17 HTTP/1.1" 200 229
::1 - - [28/Mar/2024:09:44:49 +0000] "GET /api//utility/course-order-status/17 HTTP/1.1" 200 229
::1 - - [28/Mar/2024:09:44:49 +0000] "OPTIONS /api//utility/lastest-dashboard-notifications/6360?profile=true&user=true&role=vendor HTTP/1.1" 204 0
::1 - - [28/Mar/2024:09:44:49 +0000] "OPTIONS /api//wishlist?product_details=true&images=true&user_id=6360&order_by=-id&limit=2&page=1 HTTP/1.1" 204 0
::1 - - [28/Mar/2024:09:44:49 +0000] "OPTIONS /api//category?tree=true&is_active=true&type=courses HTTP/1.1" 204 0
::1 - - [28/Mar/2024:09:44:49 +0000] "OPTIONS /api//category?tree=true&is_active=true&type=events HTTP/1.1" 204 0
::1 - - [28/Mar/2024:09:44:49 +0000] "OPTIONS /api//utility/product-left-panel/countries HTTP/1.1" 204 0
::1 - - [28/Mar/2024:09:44:49 +0000] "OPTIONS /api//utility/product-left-panel/event_speakers HTTP/1.1" 204 0
::1 - - [28/Mar/2024:09:44:49 +0000] "PUT /api//utility/product-left-panel/countries HTTP/1.1" 400 360
::1 - - [28/Mar/2024:09:44:49 +0000] "OPTIONS /api//course/17?course_modules=true&course_lectures=true HTTP/1.1" 204 0
::1 - - [28/Mar/2024:09:44:49 +0000] "PUT /api//utility/product-left-panel/event_speakers HTTP/1.1" 400 370
::1 - - [28/Mar/2024:09:44:49 +0000] "GET /api//wishlist?product_details=true&images=true&user_id=6360&order_by=-id&limit=2&page=1 HTTP/1.1" 200 250
::1 - - [28/Mar/2024:09:44:49 +0000] "GET /api//category?tree=true&is_active=true&type=courses HTTP/1.1" 200 3769
::1 - - [28/Mar/2024:09:44:49 +0000] "GET /api//category?tree=true&is_active=true&type=events HTTP/1.1" 200 8542
::1 - - [28/Mar/2024:09:44:49 +0000] "GET /api//utility/lastest-dashboard-notifications/6360?profile=true&user=true&role=vendor HTTP/1.1" 200 7290
::1 - - [28/Mar/2024:09:44:49 +0000] "GET /api//course/17?course_modules=true&course_lectures=true HTTP/1.1" 200 1049
::1 - - [28/Mar/2024:09:46:12 +0000] "OPTIONS /api//site-setting HTTP/1.1" 204 0
::1 - - [28/Mar/2024:09:46:12 +0000] "GET /api//site-setting HTTP/1.1" 200 2946
::1 - - [28/Mar/2024:09:46:18 +0000] "OPTIONS /api//utility/course-order-status/17 HTTP/1.1" 204 0
::1 - - [28/Mar/2024:09:46:18 +0000] "OPTIONS /api//utility/course-order-status/17 HTTP/1.1" 204 0
::1 - - [28/Mar/2024:09:46:18 +0000] "GET /api//utility/course-order-status/17 HTTP/1.1" 200 229
::1 - - [28/Mar/2024:09:46:18 +0000] "GET /api//utility/course-order-status/17 HTTP/1.1" 200 229
::1 - - [28/Mar/2024:09:46:18 +0000] "OPTIONS /api//utility/lastest-dashboard-notifications/6360?profile=true&user=true&role=vendor HTTP/1.1" 204 0
::1 - - [28/Mar/2024:09:46:18 +0000] "OPTIONS /api//wishlist?product_details=true&images=true&user_id=6360&order_by=-id&limit=2&page=1 HTTP/1.1" 204 0
::1 - - [28/Mar/2024:09:46:18 +0000] "OPTIONS /api//category?tree=true&is_active=true&type=courses HTTP/1.1" 204 0
::1 - - [28/Mar/2024:09:46:18 +0000] "OPTIONS /api//category?tree=true&is_active=true&type=events HTTP/1.1" 204 0
::1 - - [28/Mar/2024:09:46:18 +0000] "OPTIONS /api//utility/product-left-panel/countries HTTP/1.1" 204 0
::1 - - [28/Mar/2024:09:46:18 +0000] "OPTIONS /api//utility/product-left-panel/event_speakers HTTP/1.1" 204 0
::1 - - [28/Mar/2024:09:46:18 +0000] "OPTIONS /api//course/17?course_modules=true&course_lectures=true HTTP/1.1" 204 0
::1 - - [28/Mar/2024:09:46:18 +0000] "PUT /api//utility/product-left-panel/countries HTTP/1.1" 400 360
::1 - - [28/Mar/2024:09:46:18 +0000] "PUT /api//utility/product-left-panel/event_speakers HTTP/1.1" 400 370
::1 - - [28/Mar/2024:09:46:18 +0000] "GET /api//wishlist?product_details=true&images=true&user_id=6360&order_by=-id&limit=2&page=1 HTTP/1.1" 200 250
::1 - - [28/Mar/2024:09:46:18 +0000] "GET /api//category?tree=true&is_active=true&type=courses HTTP/1.1" 200 3769
::1 - - [28/Mar/2024:09:46:18 +0000] "GET /api//category?tree=true&is_active=true&type=events HTTP/1.1" 200 8542
::1 - - [28/Mar/2024:09:46:18 +0000] "GET /api//utility/lastest-dashboard-notifications/6360?profile=true&user=true&role=vendor HTTP/1.1" 200 7290
::1 - - [28/Mar/2024:09:46:18 +0000] "GET /api//course/17?course_modules=true&course_lectures=true HTTP/1.1" 200 1049
::1 - - [28/Mar/2024:09:47:11 +0000] "OPTIONS /api//site-setting HTTP/1.1" 204 0
::1 - - [28/Mar/2024:09:47:11 +0000] "GET /api//site-setting HTTP/1.1" 200 2946
::1 - - [28/Mar/2024:09:47:26 +0000] "OPTIONS /api//utility/course-order-status/17 HTTP/1.1" 204 0
::1 - - [28/Mar/2024:09:47:26 +0000] "OPTIONS /api//utility/course-order-status/17 HTTP/1.1" 204 0
::1 - - [28/Mar/2024:09:47:26 +0000] "GET /api//utility/course-order-status/17 HTTP/1.1" 200 229
::1 - - [28/Mar/2024:09:47:26 +0000] "GET /api//utility/course-order-status/17 HTTP/1.1" 200 229
::1 - - [28/Mar/2024:09:47:26 +0000] "OPTIONS /api//utility/lastest-dashboard-notifications/6360?profile=true&user=true&role=vendor HTTP/1.1" 204 0
::1 - - [28/Mar/2024:09:47:26 +0000] "OPTIONS /api//wishlist?product_details=true&images=true&user_id=6360&order_by=-id&limit=2&page=1 HTTP/1.1" 204 0
::1 - - [28/Mar/2024:09:47:26 +0000] "GET /api//wishlist?product_details=true&images=true&user_id=6360&order_by=-id&limit=2&page=1 HTTP/1.1" 200 250
::1 - - [28/Mar/2024:09:47:26 +0000] "GET /api//utility/lastest-dashboard-notifications/6360?profile=true&user=true&role=vendor HTTP/1.1" 200 7290
::1 - - [28/Mar/2024:09:47:26 +0000] "OPTIONS /api//category?tree=true&is_active=true&type=courses HTTP/1.1" 204 0
::1 - - [28/Mar/2024:09:47:26 +0000] "GET /api//category?tree=true&is_active=true&type=courses HTTP/1.1" 200 3769
::1 - - [28/Mar/2024:09:47:26 +0000] "OPTIONS /api//category?tree=true&is_active=true&type=events HTTP/1.1" 204 0
::1 - - [28/Mar/2024:09:47:26 +0000] "GET /api//category?tree=true&is_active=true&type=events HTTP/1.1" 200 8542
::1 - - [28/Mar/2024:09:47:26 +0000] "OPTIONS /api//utility/product-left-panel/countries HTTP/1.1" 204 0
::1 - - [28/Mar/2024:09:47:26 +0000] "PUT /api//utility/product-left-panel/countries HTTP/1.1" 400 360
::1 - - [28/Mar/2024:09:47:26 +0000] "OPTIONS /api//utility/product-left-panel/event_speakers HTTP/1.1" 204 0
::1 - - [28/Mar/2024:09:47:26 +0000] "PUT /api//utility/product-left-panel/event_speakers HTTP/1.1" 400 370
::1 - - [28/Mar/2024:09:47:26 +0000] "OPTIONS /api//course/17?course_modules=true&course_lectures=true HTTP/1.1" 204 0
::1 - - [28/Mar/2024:09:47:26 +0000] "GET /api//course/17?course_modules=true&course_lectures=true HTTP/1.1" 200 1049
::1 - - [28/Mar/2024:09:51:53 +0000] "OPTIONS /api//site-setting HTTP/1.1" 204 0
::1 - - [28/Mar/2024:09:51:53 +0000] "GET /api//site-setting HTTP/1.1" 200 2946
::1 - - [28/Mar/2024:09:51:59 +0000] "OPTIONS /api//utility/course-order-status/17 HTTP/1.1" 204 0
::1 - - [28/Mar/2024:09:51:59 +0000] "OPTIONS /api//utility/course-order-status/17 HTTP/1.1" 204 0
::1 - - [28/Mar/2024:09:51:59 +0000] "GET /api//utility/course-order-status/17 HTTP/1.1" 200 229
::1 - - [28/Mar/2024:09:51:59 +0000] "GET /api//utility/course-order-status/17 HTTP/1.1" 200 229
::1 - - [28/Mar/2024:09:51:59 +0000] "OPTIONS /api//utility/lastest-dashboard-notifications/6360?profile=true&user=true&role=vendor HTTP/1.1" 204 0
::1 - - [28/Mar/2024:09:52:00 +0000] "OPTIONS /api//wishlist?product_details=true&images=true&user_id=6360&order_by=-id&limit=2&page=1 HTTP/1.1" 204 0
::1 - - [28/Mar/2024:09:52:00 +0000] "OPTIONS /api//category?tree=true&is_active=true&type=courses HTTP/1.1" 204 0
::1 - - [28/Mar/2024:09:52:00 +0000] "OPTIONS /api//category?tree=true&is_active=true&type=events HTTP/1.1" 204 0
::1 - - [28/Mar/2024:09:52:00 +0000] "OPTIONS /api//utility/product-left-panel/countries HTTP/1.1" 204 0
::1 - - [28/Mar/2024:09:52:00 +0000] "OPTIONS /api//utility/product-left-panel/event_speakers HTTP/1.1" 204 0
::1 - - [28/Mar/2024:09:52:00 +0000] "OPTIONS /api//course/17?course_modules=true&course_lectures=true HTTP/1.1" 204 0
::1 - - [28/Mar/2024:09:52:00 +0000] "GET /api//category?tree=true&is_active=true&type=courses HTTP/1.1" 200 3769
::1 - - [28/Mar/2024:09:52:00 +0000] "GET /api//wishlist?product_details=true&images=true&user_id=6360&order_by=-id&limit=2&page=1 HTTP/1.1" 200 250
::1 - - [28/Mar/2024:09:52:00 +0000] "PUT /api//utility/product-left-panel/countries HTTP/1.1" 400 360
::1 - - [28/Mar/2024:09:52:00 +0000] "PUT /api//utility/product-left-panel/event_speakers HTTP/1.1" 400 370
::1 - - [28/Mar/2024:09:52:00 +0000] "GET /api//category?tree=true&is_active=true&type=events HTTP/1.1" 200 8542
::1 - - [28/Mar/2024:09:52:00 +0000] "GET /api//utility/lastest-dashboard-notifications/6360?profile=true&user=true&role=vendor HTTP/1.1" 200 7290
::1 - - [28/Mar/2024:09:52:00 +0000] "GET /api//course/17?course_modules=true&course_lectures=true HTTP/1.1" 200 1049
::1 - - [28/Mar/2024:11:16:57 +0000] "OPTIONS /api//site-setting HTTP/1.1" 204 0
::1 - - [28/Mar/2024:11:16:58 +0000] "GET /api//site-setting HTTP/1.1" 200 2946
::1 - - [28/Mar/2024:11:17:02 +0000] "GET /api//site-setting HTTP/1.1" 200 2946
::1 - - [28/Mar/2024:11:17:04 +0000] "OPTIONS /api//category?tree=true&is_active=true&type=courses HTTP/1.1" 204 0
::1 - - [28/Mar/2024:11:17:04 +0000] "OPTIONS /api//category?tree=true&is_active=true&type=events HTTP/1.1" 204 0
::1 - - [28/Mar/2024:11:17:04 +0000] "OPTIONS /api//utility/product-left-panel/countries HTTP/1.1" 204 0
::1 - - [28/Mar/2024:11:17:04 +0000] "OPTIONS /api//utility/product-left-panel/event_speakers HTTP/1.1" 204 0
::1 - - [28/Mar/2024:11:17:04 +0000] "OPTIONS /api//page-slider?page=home&is_active=true HTTP/1.1" 204 0
::1 - - [28/Mar/2024:11:17:04 +0000] "OPTIONS /api//category?is_active=true&featured_course_category=true HTTP/1.1" 204 0
::1 - - [28/Mar/2024:11:17:04 +0000] "OPTIONS /api//event?pagination=true&limit=10&is_publish=true&images=true&is_featured=1&event=true&event_speaker=true&fetch_price=true&is_delete=true&is_active=true&date_filter=true&isApproved=true HTTP/1.1" 204 0
::1 - - [28/Mar/2024:11:17:04 +0000] "PUT /api//utility/product-left-panel/countries HTTP/1.1" 400 360
::1 - - [28/Mar/2024:11:17:04 +0000] "OPTIONS /api//testimonial?pagination=true&limit=10&is_active=true HTTP/1.1" 204 0
::1 - - [28/Mar/2024:11:17:04 +0000] "PUT /api//utility/product-left-panel/event_speakers HTTP/1.1" 400 370
::1 - - [28/Mar/2024:11:17:04 +0000] "OPTIONS /api//course-user?course=true&images=true&review_count=true&created_by=true&group_by=true&is_delete=true&is_active=true HTTP/1.1" 204 0
::1 - - [28/Mar/2024:11:17:04 +0000] "OPTIONS /api//event?pagination=true&limit=10&is_publish=true&images=true&coming_soon=true&event=true&event_speaker=true&fetch_price=true&is_delete=true&is_active=true&date_filter=true&isApproved=true HTTP/1.1" 204 0
::1 - - [28/Mar/2024:11:17:04 +0000] "OPTIONS /api//event?pagination=true&limit=10&is_publish=true&images=true&event=true&event_speaker=true&fetch_price=true&is_delete=true&is_active=true&past_event=true&date_filter=true&isApproved=true HTTP/1.1" 204 0
::1 - - [28/Mar/2024:11:17:04 +0000] "OPTIONS /api//brands HTTP/1.1" 204 0
::1 - - [28/Mar/2024:11:17:04 +0000] "GET /api//category?tree=true&is_active=true&type=courses HTTP/1.1" 200 3769
::1 - - [28/Mar/2024:11:17:04 +0000] "GET /api//category?tree=true&is_active=true&type=events HTTP/1.1" 200 8542
::1 - - [28/Mar/2024:11:17:04 +0000] "GET /api//page-slider?page=home&is_active=true HTTP/1.1" 200 2086
::1 - - [28/Mar/2024:11:17:04 +0000] "GET /api//testimonial?pagination=true&limit=10&is_active=true HTTP/1.1" 200 284
::1 - - [28/Mar/2024:11:17:04 +0000] "GET /api//brands HTTP/1.1" 200 1228
::1 - - [28/Mar/2024:11:17:05 +0000] "GET /api//course-user?course=true&images=true&review_count=true&created_by=true&group_by=true&is_delete=true&is_active=true HTTP/1.1" 200 367599
::1 - - [28/Mar/2024:11:17:05 +0000] "GET /api//category?is_active=true&featured_course_category=true HTTP/1.1" 200 1546
::1 - - [28/Mar/2024:11:17:05 +0000] "GET /api//event?pagination=true&limit=10&is_publish=true&images=true&coming_soon=true&event=true&event_speaker=true&fetch_price=true&is_delete=true&is_active=true&date_filter=true&isApproved=true HTTP/1.1" 200 418
::1 - - [28/Mar/2024:11:17:05 +0000] "GET /api//event?pagination=true&limit=10&is_publish=true&images=true&is_featured=1&event=true&event_speaker=true&fetch_price=true&is_delete=true&is_active=true&date_filter=true&isApproved=true HTTP/1.1" 200 415
::1 - - [28/Mar/2024:11:17:05 +0000] "OPTIONS /api//course?user=true&whislist=true&user_id=null&isApproved=true?pagination=true&limit=10&is_publish=true&category=10&is_featured=true&images=true&review_count=true&is_delete=true&is_active=true&offer=true&fetch_price=true HTTP/1.1" 204 0
::1 - - [28/Mar/2024:11:17:05 +0000] "GET /api//event?pagination=true&limit=10&is_publish=true&images=true&event=true&event_speaker=true&fetch_price=true&is_delete=true&is_active=true&past_event=true&date_filter=true&isApproved=true HTTP/1.1" 200 63618
::1 - - [28/Mar/2024:11:17:05 +0000] "GET /api//course?user=true&whislist=true&user_id=null&isApproved=true?pagination=true&limit=10&is_publish=true&category=10&is_featured=true&images=true&review_count=true&is_delete=true&is_active=true&offer=true&fetch_price=true HTTP/1.1" 200 13199
::1 - - [28/Mar/2024:11:17:46 +0000] "OPTIONS /api//login HTTP/1.1" 204 0
::1 - - [28/Mar/2024:11:17:46 +0000] "POST /api//login HTTP/1.1" 401 158
::1 - - [28/Mar/2024:11:17:59 +0000] "OPTIONS /api//login HTTP/1.1" 204 0
::1 - - [28/Mar/2024:11:18:00 +0000] "POST /api//login HTTP/1.1" 200 5095
::1 - - [28/Mar/2024:11:18:00 +0000] "OPTIONS /api//wishlist?product_details=true&images=true&user_id=6360&order_by=-id&limit=2&page=1 HTTP/1.1" 204 0
::1 - - [28/Mar/2024:11:18:00 +0000] "GET /api//wishlist?product_details=true&images=true&user_id=6360&order_by=-id&limit=2&page=1 HTTP/1.1" 200 250
::1 - - [28/Mar/2024:11:18:04 +0000] "OPTIONS /api//utility/lastest-dashboard-notifications/6360?profile=true&user=true&role=vendor HTTP/1.1" 204 0
::1 - - [28/Mar/2024:11:18:04 +0000] "OPTIONS /api//dashboard/6360?search_by=vendor HTTP/1.1" 204 0
::1 - - [28/Mar/2024:11:18:04 +0000] "GET /api//utility/lastest-dashboard-notifications/6360?profile=true&user=true&role=vendor HTTP/1.1" 200 7290
::1 - - [28/Mar/2024:11:18:04 +0000] "GET /api//dashboard/6360?search_by=vendor HTTP/1.1" 200 66186
::1 - - [28/Mar/2024:11:18:10 +0000] "OPTIONS /api//utility/lastest-dashboard-notifications/6360?profile=true&user=true&role=vendor HTTP/1.1" 204 0
::1 - - [28/Mar/2024:11:18:10 +0000] "GET /api//utility/lastest-dashboard-notifications/6360?profile=true&user=true&role=vendor HTTP/1.1" 200 7290
::1 - - [28/Mar/2024:11:18:10 +0000] "OPTIONS /api//profile/6360?search_by=user_id&user=true HTTP/1.1" 204 0
::1 - - [28/Mar/2024:11:18:10 +0000] "GET /api//profile/6360?search_by=user_id&user=true HTTP/1.1" 200 2514
::1 - - [28/Mar/2024:11:18:10 +0000] "OPTIONS /api//utility/location/countries HTTP/1.1" 204 0
::1 - - [28/Mar/2024:11:18:10 +0000] "GET /api//utility/location/countries HTTP/1.1" 200 13815
::1 - - [28/Mar/2024:11:18:10 +0000] "OPTIONS /api//utility/location/states/196 HTTP/1.1" 204 0
::1 - - [28/Mar/2024:11:18:10 +0000] "OPTIONS /api//utility/location/cities/3186 HTTP/1.1" 204 0
::1 - - [28/Mar/2024:11:18:10 +0000] "GET /api//utility/location/states/196 HTTP/1.1" 200 428
::1 - - [28/Mar/2024:11:18:15 +0000] "GET /api//utility/location/cities/3186 HTTP/1.1" 200 187221
::1 - - [28/Mar/2024:11:18:19 +0000] "OPTIONS /api//utility/lastest-dashboard-notifications/6360?profile=true&user=true&role=vendor HTTP/1.1" 204 0
::1 - - [28/Mar/2024:11:18:19 +0000] "OPTIONS /api//category?limit=10&page=1&pagination=true&parent=true&type=courses HTTP/1.1" 204 0
::1 - - [28/Mar/2024:11:18:19 +0000] "OPTIONS /api//utility/lastest-dashboard-notifications/6360?profile=true&user=true&role=vendor HTTP/1.1" 204 0
::1 - - [28/Mar/2024:11:18:19 +0000] "GET /api//category?limit=10&page=1&pagination=true&parent=true&type=courses HTTP/1.1" 200 3709
::1 - - [28/Mar/2024:11:18:19 +0000] "GET /api//utility/lastest-dashboard-notifications/6360?profile=true&user=true&role=vendor HTTP/1.1" 200 7290
::1 - - [28/Mar/2024:11:18:19 +0000] "GET /api//utility/lastest-dashboard-notifications/6360?profile=true&user=true&role=vendor HTTP/1.1" 200 7290
::1 - - [28/Mar/2024:11:18:23 +0000] "OPTIONS /api//category?parent_id=0&is_active=true&type=courses HTTP/1.1" 204 0
::1 - - [28/Mar/2024:11:18:23 +0000] "GET /api//category?parent_id=0&is_active=true&type=courses HTTP/1.1" 200 2989
::1 - - [28/Mar/2024:11:18:23 +0000] "GET /api//utility/lastest-dashboard-notifications/6360?profile=true&user=true&role=vendor HTTP/1.1" 200 7290
::1 - - [28/Mar/2024:11:18:39 +0000] "OPTIONS /api//utility/lastest-dashboard-notifications/6360?profile=true&user=true&role=vendor HTTP/1.1" 204 0
::1 - - [28/Mar/2024:11:18:39 +0000] "OPTIONS /api//course?categories=true&user=true&is_delete=true&course_promotion=true&fetch_price=true&order_count=true&created_by=6360 HTTP/1.1" 204 0
::1 - - [28/Mar/2024:11:18:39 +0000] "OPTIONS /api//category?parent=true&is_active=true&type=courses HTTP/1.1" 204 0
::1 - - [28/Mar/2024:11:18:39 +0000] "GET /api//category?parent=true&is_active=true&type=courses HTTP/1.1" 200 4734
::1 - - [28/Mar/2024:11:18:39 +0000] "GET /api//utility/lastest-dashboard-notifications/6360?profile=true&user=true&role=vendor HTTP/1.1" 200 7290
::1 - - [28/Mar/2024:11:18:39 +0000] "GET /api//course?categories=true&user=true&is_delete=true&course_promotion=true&fetch_price=true&order_count=true&created_by=6360 HTTP/1.1" 200 28226
::1 - - [28/Mar/2024:11:18:45 +0000] "OPTIONS /api//utility/lastest-dashboard-notifications/6360?profile=true&user=true&role=vendor HTTP/1.1" 204 0
::1 - - [28/Mar/2024:11:18:45 +0000] "OPTIONS /api//category?parent=true&is_active=true&type=courses HTTP/1.1" 204 0
::1 - - [28/Mar/2024:11:18:45 +0000] "OPTIONS /api//course-time HTTP/1.1" 204 0
::1 - - [28/Mar/2024:11:18:45 +0000] "GET /api//category?parent=true&is_active=true&type=courses HTTP/1.1" 200 4734
::1 - - [28/Mar/2024:11:18:45 +0000] "GET /api//course-time HTTP/1.1" 200 347
::1 - - [28/Mar/2024:11:18:45 +0000] "GET /api//utility/lastest-dashboard-notifications/6360?profile=true&user=true&role=vendor HTTP/1.1" 200 7290
::1 - - [28/Mar/2024:11:19:07 +0000] "OPTIONS /api//course HTTP/1.1" 204 0
::1 - - [28/Mar/2024:11:19:07 +0000] "POST /api//course HTTP/1.1" 200 388
::1 - - [28/Mar/2024:11:19:08 +0000] "OPTIONS /api//utility/course-order-status/18 HTTP/1.1" 204 0
::1 - - [28/Mar/2024:11:19:08 +0000] "OPTIONS /api//utility/course-order-status/18 HTTP/1.1" 204 0
::1 - - [28/Mar/2024:11:19:08 +0000] "GET /api//utility/course-order-status/18 HTTP/1.1" 200 229
::1 - - [28/Mar/2024:11:19:08 +0000] "GET /api//utility/course-order-status/18 HTTP/1.1" 200 229
::1 - - [28/Mar/2024:11:19:08 +0000] "OPTIONS /api//utility/lastest-dashboard-notifications/6360?profile=true&user=true&role=vendor HTTP/1.1" 204 0
::1 - - [28/Mar/2024:11:19:08 +0000] "OPTIONS /api//wishlist?product_details=true&images=true&user_id=6360&order_by=-id&limit=2&page=1 HTTP/1.1" 204 0
::1 - - [28/Mar/2024:11:19:08 +0000] "OPTIONS /api//category?tree=true&is_active=true&type=courses HTTP/1.1" 204 0
::1 - - [28/Mar/2024:11:19:08 +0000] "OPTIONS /api//category?tree=true&is_active=true&type=events HTTP/1.1" 204 0
::1 - - [28/Mar/2024:11:19:08 +0000] "OPTIONS /api//utility/product-left-panel/countries HTTP/1.1" 204 0
::1 - - [28/Mar/2024:11:19:08 +0000] "OPTIONS /api//utility/product-left-panel/event_speakers HTTP/1.1" 204 0
::1 - - [28/Mar/2024:11:19:08 +0000] "OPTIONS /api//course-target?answer=true&course_id=18 HTTP/1.1" 204 0
::1 - - [28/Mar/2024:11:19:08 +0000] "PUT /api//utility/product-left-panel/countries HTTP/1.1" 400 360
::1 - - [28/Mar/2024:11:19:08 +0000] "PUT /api//utility/product-left-panel/event_speakers HTTP/1.1" 400 370
::1 - - [28/Mar/2024:11:19:08 +0000] "GET /api//category?tree=true&is_active=true&type=events HTTP/1.1" 200 8542
::1 - - [28/Mar/2024:11:19:08 +0000] "GET /api//wishlist?product_details=true&images=true&user_id=6360&order_by=-id&limit=2&page=1 HTTP/1.1" 200 250
::1 - - [28/Mar/2024:11:19:08 +0000] "GET /api//category?tree=true&is_active=true&type=courses HTTP/1.1" 200 3769
::1 - - [28/Mar/2024:11:19:09 +0000] "GET /api//course-target?answer=true&course_id=18 HTTP/1.1" 200 450
::1 - - [28/Mar/2024:11:19:09 +0000] "GET /api//utility/lastest-dashboard-notifications/6360?profile=true&user=true&role=vendor HTTP/1.1" 200 7290
::1 - - [28/Mar/2024:11:19:15 +0000] "OPTIONS /api//course-stander HTTP/1.1" 204 0
::1 - - [28/Mar/2024:11:19:15 +0000] "OPTIONS /api//category?parent_id=0&is_active=true&type=courses HTTP/1.1" 204 0
::1 - - [28/Mar/2024:11:19:15 +0000] "OPTIONS /api//course/18?categories=true HTTP/1.1" 204 0
::1 - - [28/Mar/2024:11:19:15 +0000] "GET /api//category?parent_id=0&is_active=true&type=courses HTTP/1.1" 200 2989
::1 - - [28/Mar/2024:11:19:15 +0000] "GET /api//course-stander HTTP/1.1" 200 295
::1 - - [28/Mar/2024:11:19:15 +0000] "GET /api//course/18?categories=true HTTP/1.1" 200 1125
::1 - - [28/Mar/2024:11:19:15 +0000] "OPTIONS /api//category?parent_id=15&is_active=true&type=courses HTTP/1.1" 204 0
::1 - - [28/Mar/2024:11:19:15 +0000] "GET /api//category?parent_id=15&is_active=true&type=courses HTTP/1.1" 200 469
::1 - - [28/Mar/2024:11:22:14 +0000] "OPTIONS /api//site-setting HTTP/1.1" 204 0
::1 - - [28/Mar/2024:11:22:14 +0000] "GET /api//site-setting HTTP/1.1" 200 2946
::1 - - [28/Mar/2024:11:22:21 +0000] "OPTIONS /api//utility/course-order-status/18 HTTP/1.1" 204 0
::1 - - [28/Mar/2024:11:22:21 +0000] "OPTIONS /api//utility/course-order-status/18 HTTP/1.1" 204 0
::1 - - [28/Mar/2024:11:22:21 +0000] "GET /api//utility/course-order-status/18 HTTP/1.1" 200 229
::1 - - [28/Mar/2024:11:22:21 +0000] "GET /api//utility/course-order-status/18 HTTP/1.1" 200 229
::1 - - [28/Mar/2024:11:22:22 +0000] "OPTIONS /api//utility/lastest-dashboard-notifications/6360?profile=true&user=true&role=vendor HTTP/1.1" 204 0
::1 - - [28/Mar/2024:11:22:22 +0000] "OPTIONS /api//wishlist?product_details=true&images=true&user_id=6360&order_by=-id&limit=2&page=1 HTTP/1.1" 204 0
::1 - - [28/Mar/2024:11:22:22 +0000] "OPTIONS /api//category?tree=true&is_active=true&type=courses HTTP/1.1" 204 0
::1 - - [28/Mar/2024:11:22:22 +0000] "OPTIONS /api//category?tree=true&is_active=true&type=events HTTP/1.1" 204 0
::1 - - [28/Mar/2024:11:22:22 +0000] "OPTIONS /api//utility/product-left-panel/countries HTTP/1.1" 204 0
::1 - - [28/Mar/2024:11:22:22 +0000] "OPTIONS /api//utility/product-left-panel/event_speakers HTTP/1.1" 204 0
::1 - - [28/Mar/2024:11:22:22 +0000] "PUT /api//utility/product-left-panel/countries HTTP/1.1" 400 360
::1 - - [28/Mar/2024:11:22:22 +0000] "PUT /api//utility/product-left-panel/event_speakers HTTP/1.1" 400 370
::1 - - [28/Mar/2024:11:22:22 +0000] "OPTIONS /api//course-stander HTTP/1.1" 204 0
::1 - - [28/Mar/2024:11:22:22 +0000] "OPTIONS /api//category?parent_id=0&is_active=true&type=courses HTTP/1.1" 204 0
::1 - - [28/Mar/2024:11:22:22 +0000] "OPTIONS /api//course/18?categories=true HTTP/1.1" 204 0
::1 - - [28/Mar/2024:11:22:22 +0000] "GET /api//wishlist?product_details=true&images=true&user_id=6360&order_by=-id&limit=2&page=1 HTTP/1.1" 200 250
::1 - - [28/Mar/2024:11:22:22 +0000] "GET /api//category?tree=true&is_active=true&type=courses HTTP/1.1" 200 3769
::1 - - [28/Mar/2024:11:22:22 +0000] "GET /api//category?tree=true&is_active=true&type=events HTTP/1.1" 200 8542
::1 - - [28/Mar/2024:11:22:22 +0000] "GET /api//course-stander HTTP/1.1" 200 295
::1 - - [28/Mar/2024:11:22:22 +0000] "GET /api//category?parent_id=0&is_active=true&type=courses HTTP/1.1" 200 2989
::1 - - [28/Mar/2024:11:22:22 +0000] "GET /api//utility/lastest-dashboard-notifications/6360?profile=true&user=true&role=vendor HTTP/1.1" 200 7290
::1 - - [28/Mar/2024:11:22:22 +0000] "GET /api//course/18?categories=true HTTP/1.1" 200 1125
::1 - - [28/Mar/2024:11:22:22 +0000] "OPTIONS /api//category?parent_id=15&is_active=true&type=courses HTTP/1.1" 204 0
::1 - - [28/Mar/2024:11:22:23 +0000] "GET /api//category?parent_id=15&is_active=true&type=courses HTTP/1.1" 200 469
